[INFO 2019-09-22 21:39:09]等待元素：('id', 'com.mmm.ability:id/tvTabPwd')
[INFO 2019-09-22 21:39:10]点击元素：('id', 'com.mmm.ability:id/tvTabPwd')
[INFO 2019-09-22 21:39:10]等待元素：('id', 'com.mmm.ability:id/etAccount')
[INFO 2019-09-22 21:39:11]点击：('id', 'com.mmm.ability:id/etAccount')，输入：13559112968
[INFO 2019-09-22 21:39:11]等待元素：('id', 'com.mmm.ability:id/etPwd')
[INFO 2019-09-22 21:39:12]点击：('id', 'com.mmm.ability:id/etPwd')，输入：123456
[INFO 2019-09-22 21:39:12]等待元素：('id', 'com.mmm.ability:id/tvToLogin')
[INFO 2019-09-22 21:39:13]点击元素：('id', 'com.mmm.ability:id/tvToLogin')
[INFO 2019-09-22 21:39:13]等待元素：('id', 'com.mmm.ability:id/ivSkip')
[INFO 2019-09-22 21:39:16]等待元素：('id', 'com.mmm.ability:id/ivTitle')
[INFO 2019-09-22 21:39:17]等待元素：('id', 'lavWantToQuestion')
[INFO 2019-09-22 21:39:19]等待元素：('id', 'tvAddDept')
[INFO 2019-09-22 21:39:19]等待元素：('xpath', "//*[@text='研发部']")
[INFO 2019-09-22 21:39:21]等待元素：('id', 'tvDeptName')
[INFO 2019-09-22 21:39:23]等待元素：('id', 'com.mmm.ability:id/ivTitle')
[INFO 2019-09-22 21:39:24]等待元素：('id', 'lavWantToQuestion')
[INFO 2019-09-22 21:39:27]等待元素：('id', 'tvAddDept')
[INFO 2019-09-22 21:39:27]等待元素：('xpath', "//*[@text='研发部']")
[INFO 2019-09-22 21:39:28]等待元素：('id', 'tvDeptName')
[INFO 2019-09-22 21:42:41]等待元素：('id', 'com.mmm.ability:id/tvTabPwd')
[INFO 2019-09-22 21:42:42]点击元素：('id', 'com.mmm.ability:id/tvTabPwd')
[INFO 2019-09-22 21:42:42]等待元素：('id', 'com.mmm.ability:id/etAccount')
[INFO 2019-09-22 21:42:43]点击：('id', 'com.mmm.ability:id/etAccount')，输入：13559112968
[INFO 2019-09-22 21:42:44]等待元素：('id', 'com.mmm.ability:id/etPwd')
[INFO 2019-09-22 21:42:44]点击：('id', 'com.mmm.ability:id/etPwd')，输入：123456
[INFO 2019-09-22 21:42:45]等待元素：('id', 'com.mmm.ability:id/tvToLogin')
[INFO 2019-09-22 21:42:45]点击元素：('id', 'com.mmm.ability:id/tvToLogin')
[INFO 2019-09-22 21:42:45]等待元素：('id', 'com.mmm.ability:id/ivSkip')
[INFO 2019-09-22 21:42:48]点击元素：('id', 'com.mmm.ability:id/ivSkip')
[INFO 2019-09-22 21:42:48]等待元素：('id', 'com.mmm.ability:id/ivTitle')
[INFO 2019-09-22 21:42:49]等待元素：('id', 'lavWantToQuestion')
[INFO 2019-09-22 21:42:50]点击元素：('id', 'lavWantToQuestion')
[INFO 2019-09-22 21:42:52]等待元素：('id', 'tvAddDept')
[INFO 2019-09-22 21:42:52]点击元素：('id', 'tvAddDept')
[INFO 2019-09-22 21:42:52]等待元素：('xpath', "//*[@text='研发部']")
[INFO 2019-09-22 21:42:53]点击元素：('xpath', "//*[@text='研发部']")
[INFO 2019-09-22 21:42:53]等待元素：('id', 'tvDeptName')
[INFO 2019-09-22 21:42:55]等待元素：('id', 'com.mmm.ability:id/ivTitle')
[INFO 2019-09-22 21:42:57]等待元素：('id', 'lavWantToQuestion')
[INFO 2019-09-22 21:42:57]点击元素：('id', 'lavWantToQuestion')
[INFO 2019-09-22 21:42:59]等待元素：('id', 'tvAddDept')
[INFO 2019-09-22 21:42:59]点击元素：('id', 'tvAddDept')
[INFO 2019-09-22 21:42:59]等待元素：('xpath', "//*[@text='研发部']")
[INFO 2019-09-22 21:43:00]点击元素：('xpath', "//*[@text='研发部']")
[INFO 2019-09-22 21:43:00]等待元素：('id', 'tvDeptName')
[INFO 2019-09-22 21:48:49]等待元素：('id', 'com.mmm.ability:id/tvTabPwd')
[INFO 2019-09-22 21:48:50]点击元素：('id', 'com.mmm.ability:id/tvTabPwd')
[INFO 2019-09-22 21:48:50]等待元素：('id', 'com.mmm.ability:id/etAccount')
[INFO 2019-09-22 21:48:51]点击：('id', 'com.mmm.ability:id/etAccount')，输入：13559112968
[INFO 2019-09-22 21:48:51]等待元素：('id', 'com.mmm.ability:id/etPwd')
[INFO 2019-09-22 21:48:51]点击：('id', 'com.mmm.ability:id/etPwd')，输入：123456
[INFO 2019-09-22 21:48:51]等待元素：('id', 'com.mmm.ability:id/tvToLogin')
[INFO 2019-09-22 21:48:52]点击元素：('id', 'com.mmm.ability:id/tvToLogin')
[INFO 2019-09-22 21:48:52]等待元素：('id', 'com.mmm.ability:id/ivSkip')
[INFO 2019-09-22 21:48:55]点击元素：('id', 'com.mmm.ability:id/ivSkip')
[INFO 2019-09-22 21:48:55]等待元素：('id', 'com.mmm.ability:id/ivTitle')
[INFO 2019-09-22 21:48:56]等待元素：('id', 'lavWantToQuestion')
[INFO 2019-09-22 21:48:57]点击元素：('id', 'lavWantToQuestion')
[INFO 2019-09-22 21:48:59]等待元素：('id', 'tvAddDept')
[INFO 2019-09-22 21:48:59]点击元素：('id', 'tvAddDept')
[INFO 2019-09-22 21:48:59]等待元素：('xpath', "//*[@text='研发部']")
[INFO 2019-09-22 21:49:00]点击元素：('xpath', "//*[@text='研发部']")
[INFO 2019-09-22 21:49:00]等待元素：('id', 'tvDeptName')
[INFO 2019-09-22 21:49:01]获取：('id', 'tvDeptName')元素文本
[INFO 2019-09-22 21:49:01]等待元素：('id', 'com.mmm.ability:id/ivTitle')
[INFO 2019-09-22 21:49:03]等待元素：('id', 'lavWantToQuestion')
[INFO 2019-09-22 21:49:04]点击元素：('id', 'lavWantToQuestion')
[INFO 2019-09-22 21:49:06]等待元素：('id', 'tvAddDept')
[INFO 2019-09-22 21:49:06]点击元素：('id', 'tvAddDept')
[INFO 2019-09-22 21:49:06]等待元素：('xpath', "//*[@text='研发部']")
[INFO 2019-09-22 21:49:07]点击元素：('xpath', "//*[@text='研发部']")
[INFO 2019-09-22 21:49:07]等待元素：('id', 'tvDeptName')
[INFO 2019-09-22 21:49:09]获取：('id', 'tvDeptName')元素文本
[INFO 2019-09-22 21:49:59]等待元素：('id', 'com.mmm.ability:id/tvTabPwd')
[INFO 2019-09-22 21:50:01]点击元素：('id', 'com.mmm.ability:id/tvTabPwd')
[INFO 2019-09-22 21:50:01]等待元素：('id', 'com.mmm.ability:id/etAccount')
[INFO 2019-09-22 21:50:01]点击：('id', 'com.mmm.ability:id/etAccount')，输入：13559112968
[INFO 2019-09-22 21:50:02]等待元素：('id', 'com.mmm.ability:id/etPwd')
[INFO 2019-09-22 21:50:02]点击：('id', 'com.mmm.ability:id/etPwd')，输入：123456
[INFO 2019-09-22 21:50:03]等待元素：('id', 'com.mmm.ability:id/tvToLogin')
[INFO 2019-09-22 21:50:04]点击元素：('id', 'com.mmm.ability:id/tvToLogin')
[INFO 2019-09-22 21:50:04]等待元素：('id', 'com.mmm.ability:id/ivSkip')
[INFO 2019-09-22 21:50:07]点击元素：('id', 'com.mmm.ability:id/ivSkip')
[INFO 2019-09-22 21:50:07]等待元素：('id', 'com.mmm.ability:id/ivTitle')
[INFO 2019-09-22 21:50:08]等待元素：('id', 'lavWantToQuestion')
[ERROR 2019-09-22 21:50:10]等待元素超时
[INFO 2019-09-22 21:50:11]等待元素：('id', 'com.mmm.ability:id/ivTitle')
[ERROR 2019-09-22 21:50:11]等待元素超时
[INFO 2019-09-22 21:50:27]等待元素：('id', 'com.mmm.ability:id/tvTabPwd')
[INFO 2019-09-22 21:50:29]点击元素：('id', 'com.mmm.ability:id/tvTabPwd')
[INFO 2019-09-22 21:50:29]等待元素：('id', 'com.mmm.ability:id/etAccount')
[INFO 2019-09-22 21:50:29]点击：('id', 'com.mmm.ability:id/etAccount')，输入：13559112968
[INFO 2019-09-22 21:50:30]等待元素：('id', 'com.mmm.ability:id/etPwd')
[INFO 2019-09-22 21:50:30]点击：('id', 'com.mmm.ability:id/etPwd')，输入：123456
[INFO 2019-09-22 21:50:31]等待元素：('id', 'com.mmm.ability:id/tvToLogin')
[INFO 2019-09-22 21:50:31]点击元素：('id', 'com.mmm.ability:id/tvToLogin')
[INFO 2019-09-22 21:50:32]等待元素：('id', 'com.mmm.ability:id/ivSkip')
[INFO 2019-09-22 21:50:34]点击元素：('id', 'com.mmm.ability:id/ivSkip')
[INFO 2019-09-22 21:50:34]等待元素：('id', 'com.mmm.ability:id/ivTitle')
[INFO 2019-09-22 21:50:36]等待元素：('id', 'lavWantToQuestion')
[INFO 2019-09-22 21:50:36]点击元素：('id', 'lavWantToQuestion')
[INFO 2019-09-22 21:50:38]等待元素：('id', 'tvAddDept')
[INFO 2019-09-22 21:50:38]点击元素：('id', 'tvAddDept')
[INFO 2019-09-22 21:50:38]等待元素：('xpath', "//*[@text='研发部']")
[INFO 2019-09-22 21:50:39]点击元素：('xpath', "//*[@text='研发部']")
[INFO 2019-09-22 21:50:39]等待元素：('id', 'tvDeptName')
[INFO 2019-09-22 21:50:40]获取：('id', 'tvDeptName')元素文本研发部
[INFO 2019-09-22 21:50:41]等待元素：('id', 'com.mmm.ability:id/ivTitle')
[INFO 2019-09-22 21:50:43]等待元素：('id', 'lavWantToQuestion')
[INFO 2019-09-22 21:50:43]点击元素：('id', 'lavWantToQuestion')
[INFO 2019-09-22 21:50:45]等待元素：('id', 'tvAddDept')
[INFO 2019-09-22 21:50:45]点击元素：('id', 'tvAddDept')
[INFO 2019-09-22 21:50:45]等待元素：('xpath', "//*[@text='研发部']")
[INFO 2019-09-22 21:50:47]点击元素：('xpath', "//*[@text='研发部']")
[INFO 2019-09-22 21:50:47]等待元素：('id', 'tvDeptName')
[INFO 2019-09-22 21:50:48]获取：('id', 'tvDeptName')元素文本研发部
[INFO 2019-09-23 10:04:49]等待元素：('id', 'com.mmm.ability:id/tvTabPwd')
[INFO 2019-09-23 10:04:50]点击元素：('id', 'com.mmm.ability:id/tvTabPwd')
[INFO 2019-09-23 10:04:50]等待元素：('id', 'com.mmm.ability:id/etAccount')
[INFO 2019-09-23 10:04:51]点击：('id', 'com.mmm.ability:id/etAccount')，输入：13559112967
[INFO 2019-09-23 10:04:52]等待元素：('id', 'com.mmm.ability:id/etPwd')
[INFO 2019-09-23 10:04:52]点击：('id', 'com.mmm.ability:id/etPwd')，输入：123456
[INFO 2019-09-23 10:04:53]等待元素：('id', 'com.mmm.ability:id/tvToLogin')
[INFO 2019-09-23 10:04:54]点击元素：('id', 'com.mmm.ability:id/tvToLogin')
[INFO 2019-09-23 10:04:54]等待元素：('id', 'com.mmm.ability:id/ivSkip')
[INFO 2019-09-23 10:04:56]点击元素：('id', 'com.mmm.ability:id/ivSkip')
[INFO 2019-09-23 10:04:56]等待元素：('id', 'com.mmm.ability:id/ivTitle')
[INFO 2019-09-23 10:04:57]等待元素：('id', 'lavWantToQuestion')
[INFO 2019-09-23 10:04:57]点击元素：('id', 'lavWantToQuestion')
[INFO 2019-09-23 10:04:57]等待元素：('id', 'tvAddDept')
[INFO 2019-09-23 10:04:58]点击元素：('id', 'tvAddDept')
[INFO 2019-09-23 10:04:58]等待元素：('xpath', "//*[@text='研发部']")
[INFO 2019-09-23 10:04:59]点击元素：('xpath', "//*[@text='研发部']")
[INFO 2019-09-23 10:05:00]等待元素：('id', 'tvDeptName')
[INFO 2019-09-23 10:05:00]获取：('id', 'tvDeptName')元素文本：研发部
[INFO 2019-09-23 10:05:01]等待元素：('id', 'com.mmm.ability:id/ivTitle')
[INFO 2019-09-23 10:05:04]等待元素：('id', 'lavWantToQuestion')
[INFO 2019-09-23 10:05:05]点击元素：('id', 'lavWantToQuestion')
[INFO 2019-09-23 10:05:06]等待元素：('id', 'tvAddDept')
[INFO 2019-09-23 10:05:06]点击元素：('id', 'tvAddDept')
[INFO 2019-09-23 10:05:06]等待元素：('xpath', "//*[@text='研发部']")
[INFO 2019-09-23 10:05:07]点击元素：('xpath', "//*[@text='研发部']")
[INFO 2019-09-23 10:05:08]等待元素：('id', 'tvDeptName')
[INFO 2019-09-23 10:05:08]获取：('id', 'tvDeptName')元素文本：研发部
[INFO 2019-09-23 10:18:21]等待元素：('id', 'com.mmm.ability:id/tvTabPwd')
[INFO 2019-09-23 10:18:22]点击元素：('id', 'com.mmm.ability:id/tvTabPwd')
[INFO 2019-09-23 10:18:23]等待元素：('id', 'com.mmm.ability:id/etAccount')
[INFO 2019-09-23 10:18:23]点击：('id', 'com.mmm.ability:id/etAccount')，输入：13559112967
[INFO 2019-09-23 10:18:23]等待元素：('id', 'com.mmm.ability:id/etPwd')
[INFO 2019-09-23 10:18:24]点击：('id', 'com.mmm.ability:id/etPwd')，输入：123456
[INFO 2019-09-23 10:18:24]等待元素：('id', 'com.mmm.ability:id/tvToLogin')
[INFO 2019-09-23 10:18:25]点击元素：('id', 'com.mmm.ability:id/tvToLogin')
[INFO 2019-09-23 10:18:25]等待元素：('id', 'com.mmm.ability:id/ivSkip')
[INFO 2019-09-23 10:18:27]点击元素：('id', 'com.mmm.ability:id/ivSkip')
[INFO 2019-09-23 10:18:27]等待元素：('id', 'com.mmm.ability:id/ivTitle')
[INFO 2019-09-23 10:18:28]等待元素：('id', 'lavWantToQuestion')
[INFO 2019-09-23 10:18:28]点击元素：('id', 'lavWantToQuestion')
[INFO 2019-09-23 10:18:29]等待元素：('id', 'tvAddDept')
[INFO 2019-09-23 10:18:29]点击元素：('id', 'tvAddDept')
[INFO 2019-09-23 10:18:29]等待元素：('xpath', "//*[@text='研发部']")
[INFO 2019-09-23 10:18:31]点击元素：('xpath', "//*[@text='研发部']")
[INFO 2019-09-23 10:18:32]等待元素：('id', 'etQueTitle')
[INFO 2019-09-23 10:18:32]点击：('id', 'etQueTitle')，输入：自动化测试标题
[INFO 2019-09-23 10:18:32]等待元素：('id', 'etQueContent')
[INFO 2019-09-23 10:18:33]点击：('id', 'etQueContent')，输入：自动化测试内容
[INFO 2019-09-23 10:18:33]等待元素：('id', 'tvRelease')
[INFO 2019-09-23 10:18:34]点击元素：('id', 'tvRelease')
[INFO 2019-09-23 10:36:16]等待元素：('id', 'com.mmm.ability:id/tvTabPwd')
[INFO 2019-09-23 10:36:18]点击元素：('id', 'com.mmm.ability:id/tvTabPwd')
[INFO 2019-09-23 10:36:18]等待元素：('id', 'com.mmm.ability:id/etAccount')
[INFO 2019-09-23 10:36:18]点击：('id', 'com.mmm.ability:id/etAccount')，输入：13559112967
[INFO 2019-09-23 10:36:19]等待元素：('id', 'com.mmm.ability:id/etPwd')
[INFO 2019-09-23 10:36:20]点击：('id', 'com.mmm.ability:id/etPwd')，输入：123456
[INFO 2019-09-23 10:36:20]等待元素：('id', 'com.mmm.ability:id/tvToLogin')
[INFO 2019-09-23 10:36:20]点击元素：('id', 'com.mmm.ability:id/tvToLogin')
[INFO 2019-09-23 10:36:21]等待元素：('id', 'com.mmm.ability:id/ivSkip')
[INFO 2019-09-23 10:36:23]点击元素：('id', 'com.mmm.ability:id/ivSkip')
[INFO 2019-09-23 10:36:23]等待元素：('id', 'com.mmm.ability:id/ivTitle')
[INFO 2019-09-23 10:36:23]等待元素：('id', 'lavWantToQuestion')
[INFO 2019-09-23 10:36:24]点击元素：('id', 'lavWantToQuestion')
[INFO 2019-09-23 10:36:25]等待元素：('id', 'tvAddDept')
[INFO 2019-09-23 10:36:25]点击元素：('id', 'tvAddDept')
[INFO 2019-09-23 10:36:25]等待元素：('xpath', "//*[@text='研发部']")
[INFO 2019-09-23 10:36:26]点击元素：('xpath', "//*[@text='研发部']")
[INFO 2019-09-23 10:36:27]等待元素：('id', 'etQueTitle')
[INFO 2019-09-23 10:36:27]点击：('id', 'etQueTitle')，输入：自动化测试标题
[INFO 2019-09-23 10:36:27]等待元素：('id', 'etQueContent')
[INFO 2019-09-23 10:36:28]点击：('id', 'etQueContent')，输入：自动化测试内容
[INFO 2019-09-23 10:36:28]等待元素：('id', 'tvRelease')
[INFO 2019-09-23 10:36:28]点击元素：('id', 'tvRelease')
[INFO 2019-09-23 10:36:28]等待元素：('id', 'id/ivMine')
[ERROR 2019-09-23 10:36:50]等待元素：('id', 'id/ivMine')超时
[INFO 2019-09-23 10:36:51]保存截图至:image
[INFO 2019-09-23 10:39:11]等待元素：('id', 'com.mmm.ability:id/tvTabPwd')
[INFO 2019-09-23 10:39:12]点击元素：('id', 'com.mmm.ability:id/tvTabPwd')
[INFO 2019-09-23 10:39:12]等待元素：('id', 'com.mmm.ability:id/etAccount')
[INFO 2019-09-23 10:39:13]点击：('id', 'com.mmm.ability:id/etAccount')，输入：13559112967
[INFO 2019-09-23 10:39:13]等待元素：('id', 'com.mmm.ability:id/etPwd')
[INFO 2019-09-23 10:39:14]点击：('id', 'com.mmm.ability:id/etPwd')，输入：123456
[INFO 2019-09-23 10:39:14]等待元素：('id', 'com.mmm.ability:id/tvToLogin')
[INFO 2019-09-23 10:39:15]点击元素：('id', 'com.mmm.ability:id/tvToLogin')
[INFO 2019-09-23 10:39:15]等待元素：('id', 'com.mmm.ability:id/ivSkip')
[INFO 2019-09-23 10:39:17]点击元素：('id', 'com.mmm.ability:id/ivSkip')
[INFO 2019-09-23 10:39:17]等待元素：('id', 'com.mmm.ability:id/ivTitle')
[INFO 2019-09-23 10:39:18]等待元素：('id', 'lavWantToQuestion')
[INFO 2019-09-23 10:39:18]点击元素：('id', 'lavWantToQuestion')
[INFO 2019-09-23 10:39:19]等待元素：('id', 'tvAddDept')
[INFO 2019-09-23 10:39:19]点击元素：('id', 'tvAddDept')
[INFO 2019-09-23 10:39:19]等待元素：('xpath', "//*[@text='研发部']")
[INFO 2019-09-23 10:39:20]点击元素：('xpath', "//*[@text='研发部']")
[INFO 2019-09-23 10:39:22]等待元素：('id', 'etQueTitle')
[INFO 2019-09-23 10:39:22]点击：('id', 'etQueTitle')，输入：自动化测试标题
[INFO 2019-09-23 10:39:22]等待元素：('id', 'etQueContent')
[INFO 2019-09-23 10:39:23]点击：('id', 'etQueContent')，输入：自动化测试内容
[INFO 2019-09-23 10:39:23]等待元素：('id', 'tvRelease')
[INFO 2019-09-23 10:39:23]点击元素：('id', 'tvRelease')
[INFO 2019-09-23 10:39:23]等待元素：('id', 'id/ivMine')
[ERROR 2019-09-23 10:40:28]等待元素：('id', 'id/ivMine')超时
[INFO 2019-09-23 10:40:29]保存截图至:image
[INFO 2019-09-23 10:43:03]等待元素：('id', 'com.mmm.ability:id/tvTabPwd')
[INFO 2019-09-23 10:43:04]点击元素：('id', 'com.mmm.ability:id/tvTabPwd')
[INFO 2019-09-23 10:43:04]等待元素：('id', 'com.mmm.ability:id/etAccount')
[INFO 2019-09-23 10:43:05]点击：('id', 'com.mmm.ability:id/etAccount')，输入：13559112967
[INFO 2019-09-23 10:43:05]等待元素：('id', 'com.mmm.ability:id/etPwd')
[INFO 2019-09-23 10:43:05]点击：('id', 'com.mmm.ability:id/etPwd')，输入：123456
[INFO 2019-09-23 10:43:06]等待元素：('id', 'com.mmm.ability:id/tvToLogin')
[INFO 2019-09-23 10:43:07]点击元素：('id', 'com.mmm.ability:id/tvToLogin')
[INFO 2019-09-23 10:43:07]等待元素：('id', 'com.mmm.ability:id/ivSkip')
[INFO 2019-09-23 10:43:09]点击元素：('id', 'com.mmm.ability:id/ivSkip')
[INFO 2019-09-23 10:43:09]等待元素：('id', 'com.mmm.ability:id/ivTitle')
[INFO 2019-09-23 10:43:10]等待元素：('id', 'lavWantToQuestion')
[INFO 2019-09-23 10:43:10]点击元素：('id', 'lavWantToQuestion')
[INFO 2019-09-23 10:43:11]等待元素：('id', 'tvAddDept')
[INFO 2019-09-23 10:43:11]点击元素：('id', 'tvAddDept')
[INFO 2019-09-23 10:43:11]等待元素：('xpath', "//*[@text='研发部']")
[INFO 2019-09-23 10:43:12]点击元素：('xpath', "//*[@text='研发部']")
[INFO 2019-09-23 10:43:13]等待元素：('id', 'etQueTitle')
[INFO 2019-09-23 10:43:14]点击：('id', 'etQueTitle')，输入：自动化测试标题
[INFO 2019-09-23 10:43:14]等待元素：('id', 'etQueContent')
[INFO 2019-09-23 10:43:14]点击：('id', 'etQueContent')，输入：自动化测试内容
[INFO 2019-09-23 10:43:15]等待元素：('id', 'tvRelease')
[INFO 2019-09-23 10:43:15]点击元素：('id', 'tvRelease')
[INFO 2019-09-23 10:43:15]等待元素：('id', 'com.mmm.ability:id/ivMine')
[INFO 2019-09-23 10:43:18]点击元素：('id', 'com.mmm.ability:id/ivMine')
[INFO 2019-09-23 10:43:19]等待元素：('id', 'NewModeratedNumber')
[INFO 2019-09-23 10:44:34]等待元素：('id', 'com.mmm.ability:id/tvTabPwd')
[INFO 2019-09-23 10:44:36]点击元素：('id', 'com.mmm.ability:id/tvTabPwd')
[INFO 2019-09-23 10:44:36]等待元素：('id', 'com.mmm.ability:id/etAccount')
[INFO 2019-09-23 10:44:36]点击：('id', 'com.mmm.ability:id/etAccount')，输入：13559112967
[INFO 2019-09-23 10:44:37]等待元素：('id', 'com.mmm.ability:id/etPwd')
[INFO 2019-09-23 10:44:38]点击：('id', 'com.mmm.ability:id/etPwd')，输入：123456
[INFO 2019-09-23 10:44:38]等待元素：('id', 'com.mmm.ability:id/tvToLogin')
[INFO 2019-09-23 10:44:39]点击元素：('id', 'com.mmm.ability:id/tvToLogin')
[INFO 2019-09-23 10:44:39]等待元素：('id', 'com.mmm.ability:id/ivSkip')
[INFO 2019-09-23 10:44:41]点击元素：('id', 'com.mmm.ability:id/ivSkip')
[INFO 2019-09-23 10:44:41]等待元素：('id', 'com.mmm.ability:id/ivTitle')
[INFO 2019-09-23 10:44:42]等待元素：('id', 'lavWantToQuestion')
[INFO 2019-09-23 10:44:42]点击元素：('id', 'lavWantToQuestion')
[INFO 2019-09-23 10:44:43]等待元素：('id', 'tvAddDept')
[INFO 2019-09-23 10:44:44]点击元素：('id', 'tvAddDept')
[INFO 2019-09-23 10:44:44]等待元素：('xpath', "//*[@text='研发部']")
[INFO 2019-09-23 10:44:45]点击元素：('xpath', "//*[@text='研发部']")
[INFO 2019-09-23 10:44:46]等待元素：('id', 'etQueTitle')
[INFO 2019-09-23 10:44:46]点击：('id', 'etQueTitle')，输入：自动化测试标题
[INFO 2019-09-23 10:44:46]等待元素：('id', 'etQueContent')
[INFO 2019-09-23 10:44:46]点击：('id', 'etQueContent')，输入：自动化测试内容
[INFO 2019-09-23 10:44:46]等待元素：('id', 'tvRelease')
[INFO 2019-09-23 10:44:47]点击元素：('id', 'tvRelease')
[INFO 2019-09-23 10:44:47]等待元素：('id', 'com.mmm.ability:id/ivMine')
[INFO 2019-09-23 10:44:50]点击元素：('id', 'com.mmm.ability:id/ivMine')
[INFO 2019-09-23 10:44:51]等待元素：('id', 'NewModeratedNumber')
[ERROR 2019-09-23 10:45:56]等待元素：('id', 'NewModeratedNumber')超时
[INFO 2019-09-23 10:45:57]保存截图至:image
[INFO 2019-09-23 10:47:28]等待元素：('id', 'com.mmm.ability:id/tvTabPwd')
[INFO 2019-09-23 10:47:30]点击元素：('id', 'com.mmm.ability:id/tvTabPwd')
[INFO 2019-09-23 10:47:30]等待元素：('id', 'com.mmm.ability:id/etAccount')
[INFO 2019-09-23 10:47:31]点击：('id', 'com.mmm.ability:id/etAccount')，输入：13559112967
[INFO 2019-09-23 10:47:31]等待元素：('id', 'com.mmm.ability:id/etPwd')
[INFO 2019-09-23 10:47:31]点击：('id', 'com.mmm.ability:id/etPwd')，输入：123456
[INFO 2019-09-23 10:47:32]等待元素：('id', 'com.mmm.ability:id/tvToLogin')
[INFO 2019-09-23 10:47:32]点击元素：('id', 'com.mmm.ability:id/tvToLogin')
[INFO 2019-09-23 10:47:33]等待元素：('id', 'com.mmm.ability:id/ivSkip')
[INFO 2019-09-23 10:47:35]点击元素：('id', 'com.mmm.ability:id/ivSkip')
[INFO 2019-09-23 10:47:35]等待元素：('id', 'com.mmm.ability:id/ivTitle')
[INFO 2019-09-23 10:47:36]等待元素：('id', 'lavWantToQuestion')
[INFO 2019-09-23 10:47:36]点击元素：('id', 'lavWantToQuestion')
[INFO 2019-09-23 10:47:37]等待元素：('id', 'tvAddDept')
[INFO 2019-09-23 10:47:37]点击元素：('id', 'tvAddDept')
[INFO 2019-09-23 10:47:37]等待元素：('xpath', "//*[@text='研发部']")
[INFO 2019-09-23 10:47:38]点击元素：('xpath', "//*[@text='研发部']")
[INFO 2019-09-23 10:47:39]等待元素：('id', 'etQueTitle')
[INFO 2019-09-23 10:47:39]点击：('id', 'etQueTitle')，输入：自动化测试标题
[INFO 2019-09-23 10:47:39]等待元素：('id', 'etQueContent')
[INFO 2019-09-23 10:47:40]点击：('id', 'etQueContent')，输入：自动化测试内容
[INFO 2019-09-23 10:47:40]等待元素：('id', 'tvRelease')
[INFO 2019-09-23 10:47:41]点击元素：('id', 'tvRelease')
[INFO 2019-09-23 10:47:41]等待元素：('id', 'com.mmm.ability:id/ivMine')
[INFO 2019-09-23 10:47:43]点击元素：('id', 'com.mmm.ability:id/ivMine')
[INFO 2019-09-23 10:47:45]等待元素：('id', 'NewModeratedNumber')
[ERROR 2019-09-23 10:48:06]等待元素：('id', 'NewModeratedNumber')超时
[INFO 2019-09-23 10:48:07]保存截图至:image
[INFO 2019-09-23 10:50:12]等待元素：('id', 'com.mmm.ability:id/tvTabPwd')
[INFO 2019-09-23 10:50:13]点击元素：('id', 'com.mmm.ability:id/tvTabPwd')
[INFO 2019-09-23 10:50:13]等待元素：('id', 'com.mmm.ability:id/etAccount')
[INFO 2019-09-23 10:50:14]点击：('id', 'com.mmm.ability:id/etAccount')，输入：13559112967
[INFO 2019-09-23 10:50:15]等待元素：('id', 'com.mmm.ability:id/etPwd')
[INFO 2019-09-23 10:50:15]点击：('id', 'com.mmm.ability:id/etPwd')，输入：123456
[INFO 2019-09-23 10:50:15]等待元素：('id', 'com.mmm.ability:id/tvToLogin')
[INFO 2019-09-23 10:50:16]点击元素：('id', 'com.mmm.ability:id/tvToLogin')
[INFO 2019-09-23 10:50:16]等待元素：('id', 'com.mmm.ability:id/ivSkip')
[INFO 2019-09-23 10:50:18]点击元素：('id', 'com.mmm.ability:id/ivSkip')
[INFO 2019-09-23 10:50:18]等待元素：('id', 'com.mmm.ability:id/ivTitle')
[INFO 2019-09-23 10:50:19]等待元素：('id', 'lavWantToQuestion')
[INFO 2019-09-23 10:50:19]点击元素：('id', 'lavWantToQuestion')
[INFO 2019-09-23 10:50:21]等待元素：('id', 'tvAddDept')
[INFO 2019-09-23 10:50:21]点击元素：('id', 'tvAddDept')
[INFO 2019-09-23 10:50:21]等待元素：('xpath', "//*[@text='研发部']")
[INFO 2019-09-23 10:50:22]点击元素：('xpath', "//*[@text='研发部']")
[INFO 2019-09-23 10:50:23]等待元素：('id', 'etQueTitle')
[INFO 2019-09-23 10:50:23]点击：('id', 'etQueTitle')，输入：自动化测试标题
[INFO 2019-09-23 10:50:24]等待元素：('id', 'etQueContent')
[INFO 2019-09-23 10:50:24]点击：('id', 'etQueContent')，输入：自动化测试内容
[INFO 2019-09-23 10:50:24]等待元素：('id', 'tvRelease')
[INFO 2019-09-23 10:50:25]点击元素：('id', 'tvRelease')
[INFO 2019-09-23 10:50:25]等待元素：('id', 'com.mmm.ability:id/ivMine')
[INFO 2019-09-23 10:50:28]点击元素：('id', 'com.mmm.ability:id/ivMine')
[INFO 2019-09-23 10:50:28]等待元素：('id', 'NewModeratedNumber')
[ERROR 2019-09-23 10:50:49]等待元素：('id', 'NewModeratedNumber')超时
[INFO 2019-09-23 10:50:50]保存截图至:image
[INFO 2019-09-23 10:52:15]等待元素：('id', 'com.mmm.ability:id/tvTabPwd')
[INFO 2019-09-23 10:52:16]点击元素：('id', 'com.mmm.ability:id/tvTabPwd')
[INFO 2019-09-23 10:52:16]等待元素：('id', 'com.mmm.ability:id/etAccount')
[INFO 2019-09-23 10:52:17]点击：('id', 'com.mmm.ability:id/etAccount')，输入：13559112967
[INFO 2019-09-23 10:52:17]等待元素：('id', 'com.mmm.ability:id/etPwd')
[INFO 2019-09-23 10:52:17]点击：('id', 'com.mmm.ability:id/etPwd')，输入：123456
[INFO 2019-09-23 10:52:18]等待元素：('id', 'com.mmm.ability:id/tvToLogin')
[INFO 2019-09-23 10:52:19]点击元素：('id', 'com.mmm.ability:id/tvToLogin')
[INFO 2019-09-23 10:52:19]等待元素：('id', 'com.mmm.ability:id/ivSkip')
[INFO 2019-09-23 10:52:21]点击元素：('id', 'com.mmm.ability:id/ivSkip')
[INFO 2019-09-23 10:52:21]等待元素：('id', 'com.mmm.ability:id/ivTitle')
[INFO 2019-09-23 10:52:22]等待元素：('id', 'lavWantToQuestion')
[INFO 2019-09-23 10:52:22]点击元素：('id', 'lavWantToQuestion')
[INFO 2019-09-23 10:52:23]等待元素：('id', 'tvAddDept')
[INFO 2019-09-23 10:52:23]点击元素：('id', 'tvAddDept')
[INFO 2019-09-23 10:52:24]等待元素：('xpath', "//*[@text='研发部']")
[INFO 2019-09-23 10:52:25]点击元素：('xpath', "//*[@text='研发部']")
[INFO 2019-09-23 10:52:26]等待元素：('id', 'etQueTitle')
[INFO 2019-09-23 10:52:26]点击：('id', 'etQueTitle')，输入：自动化测试标题
[INFO 2019-09-23 10:52:26]等待元素：('id', 'etQueContent')
[INFO 2019-09-23 10:52:26]点击：('id', 'etQueContent')，输入：自动化测试内容
[INFO 2019-09-23 10:52:26]等待元素：('id', 'tvRelease')
[INFO 2019-09-23 10:52:27]点击元素：('id', 'tvRelease')
[INFO 2019-09-23 10:52:27]等待元素：('id', 'com.mmm.ability:id/ivMine')
[INFO 2019-09-23 10:52:30]点击元素：('id', 'com.mmm.ability:id/ivMine')
[INFO 2019-09-23 10:52:31]等待元素：('id', 'com.mmm.ability:id/tvNewModeratedNumber')
[INFO 2019-09-23 10:52:31]点击元素：('id', 'com.mmm.ability:id/tvNewModeratedNumber')
[INFO 2019-09-23 10:52:31]等待元素：('xpath', "//*[@text='待领导审核']")
[ERROR 2019-09-23 10:52:52]等待元素：('xpath', "//*[@text='待领导审核']")超时
[INFO 2019-09-23 10:52:53]保存截图至:image
[INFO 2019-09-23 10:53:27]等待元素：('id', 'com.mmm.ability:id/tvTabPwd')
[INFO 2019-09-23 10:53:29]点击元素：('id', 'com.mmm.ability:id/tvTabPwd')
[INFO 2019-09-23 10:53:29]等待元素：('id', 'com.mmm.ability:id/etAccount')
[INFO 2019-09-23 10:53:30]点击：('id', 'com.mmm.ability:id/etAccount')，输入：13559112967
[INFO 2019-09-23 10:53:30]等待元素：('id', 'com.mmm.ability:id/etPwd')
[INFO 2019-09-23 10:53:30]点击：('id', 'com.mmm.ability:id/etPwd')，输入：123456
[INFO 2019-09-23 10:53:31]等待元素：('id', 'com.mmm.ability:id/tvToLogin')
[INFO 2019-09-23 10:53:31]点击元素：('id', 'com.mmm.ability:id/tvToLogin')
[INFO 2019-09-23 10:53:31]等待元素：('id', 'com.mmm.ability:id/ivSkip')
[INFO 2019-09-23 10:53:34]点击元素：('id', 'com.mmm.ability:id/ivSkip')
[INFO 2019-09-23 10:53:34]等待元素：('id', 'com.mmm.ability:id/ivTitle')
[INFO 2019-09-23 10:53:35]等待元素：('id', 'lavWantToQuestion')
[INFO 2019-09-23 10:53:35]点击元素：('id', 'lavWantToQuestion')
[INFO 2019-09-23 10:53:36]等待元素：('id', 'tvAddDept')
[INFO 2019-09-23 10:53:36]点击元素：('id', 'tvAddDept')
[INFO 2019-09-23 10:53:36]等待元素：('xpath', "//*[@text='研发部']")
[INFO 2019-09-23 10:53:37]点击元素：('xpath', "//*[@text='研发部']")
[INFO 2019-09-23 10:53:38]等待元素：('id', 'etQueTitle')
[INFO 2019-09-23 10:53:38]点击：('id', 'etQueTitle')，输入：自动化测试标题
[INFO 2019-09-23 10:53:39]等待元素：('id', 'etQueContent')
[INFO 2019-09-23 10:53:40]点击：('id', 'etQueContent')，输入：自动化测试内容
[INFO 2019-09-23 10:53:40]等待元素：('id', 'tvRelease')
[INFO 2019-09-23 10:53:40]点击元素：('id', 'tvRelease')
[INFO 2019-09-23 10:53:40]等待元素：('id', 'com.mmm.ability:id/ivMine')
[INFO 2019-09-23 10:53:43]点击元素：('id', 'com.mmm.ability:id/ivMine')
[INFO 2019-09-23 10:53:44]等待元素：('id', 'com.mmm.ability:id/tvNewModeratedNumber')
[INFO 2019-09-23 10:53:44]点击元素：('id', 'com.mmm.ability:id/tvNewModeratedNumber')
[INFO 2019-09-23 10:53:45]等待元素：('xpath', "//*[@resource-id='com.mmm.ability:id/recyclerView']/[@class='android.widget.LinearLayout' and @index=1]/[@resource-id='com.mmm.ability:id/llQueBody']")
[ERROR 2019-09-23 10:53:59]等待元素：('xpath', "//*[@resource-id='com.mmm.ability:id/recyclerView']/[@class='android.widget.LinearLayout' and @index=1]/[@resource-id='com.mmm.ability:id/llQueBody']")超时
[INFO 2019-09-23 10:57:33]等待元素：('id', 'com.mmm.ability:id/tvTabPwd')
[INFO 2019-09-23 10:57:35]点击元素：('id', 'com.mmm.ability:id/tvTabPwd')
[INFO 2019-09-23 10:57:35]等待元素：('id', 'com.mmm.ability:id/etAccount')
[INFO 2019-09-23 10:57:36]点击：('id', 'com.mmm.ability:id/etAccount')，输入：13559112967
[INFO 2019-09-23 10:57:36]等待元素：('id', 'com.mmm.ability:id/etPwd')
[INFO 2019-09-23 10:57:36]点击：('id', 'com.mmm.ability:id/etPwd')，输入：123456
[INFO 2019-09-23 10:57:37]等待元素：('id', 'com.mmm.ability:id/tvToLogin')
[INFO 2019-09-23 10:57:38]点击元素：('id', 'com.mmm.ability:id/tvToLogin')
[INFO 2019-09-23 10:57:38]等待元素：('id', 'com.mmm.ability:id/ivSkip')
[INFO 2019-09-23 10:57:40]点击元素：('id', 'com.mmm.ability:id/ivSkip')
[INFO 2019-09-23 10:57:40]等待元素：('id', 'com.mmm.ability:id/ivTitle')
[INFO 2019-09-23 10:57:41]等待元素：('id', 'lavWantToQuestion')
[INFO 2019-09-23 10:57:41]点击元素：('id', 'lavWantToQuestion')
[INFO 2019-09-23 10:57:42]等待元素：('id', 'tvAddDept')
[INFO 2019-09-23 10:57:42]点击元素：('id', 'tvAddDept')
[INFO 2019-09-23 10:57:42]等待元素：('xpath', "//*[@text='研发部']")
[INFO 2019-09-23 10:57:43]点击元素：('xpath', "//*[@text='研发部']")
[INFO 2019-09-23 10:57:44]等待元素：('id', 'etQueTitle')
[INFO 2019-09-23 10:57:45]点击：('id', 'etQueTitle')，输入：自动化测试标题
[INFO 2019-09-23 10:57:45]等待元素：('id', 'etQueContent')
[INFO 2019-09-23 10:57:45]点击：('id', 'etQueContent')，输入：自动化测试内容
[INFO 2019-09-23 10:57:46]等待元素：('id', 'tvRelease')
[INFO 2019-09-23 10:57:46]点击元素：('id', 'tvRelease')
[INFO 2019-09-23 10:57:46]等待元素：('id', 'com.mmm.ability:id/ivMine')
[INFO 2019-09-23 10:57:49]点击元素：('id', 'com.mmm.ability:id/ivMine')
[INFO 2019-09-23 10:57:50]等待元素：('id', 'com.mmm.ability:id/tvNewModeratedNumber')
[INFO 2019-09-23 10:57:50]点击元素：('id', 'com.mmm.ability:id/tvNewModeratedNumber')
[INFO 2019-09-23 10:57:51]等待元素：('xpath', "(//*[@resource-id='com.mmm.ability:id/tvQueTitle'])[1]")
[INFO 2019-09-23 10:57:52]获取：('xpath', "(//*[@resource-id='com.mmm.ability:id/tvQueTitle'])[1]")元素文本：自动化测试标题
[INFO 2019-09-23 11:00:39]等待元素：('id', 'com.mmm.ability:id/tvTabPwd')
[INFO 2019-09-23 11:00:40]点击元素：('id', 'com.mmm.ability:id/tvTabPwd')
[INFO 2019-09-23 11:00:40]等待元素：('id', 'com.mmm.ability:id/etAccount')
[INFO 2019-09-23 11:00:41]点击：('id', 'com.mmm.ability:id/etAccount')，输入：13559112967
[INFO 2019-09-23 11:00:41]等待元素：('id', 'com.mmm.ability:id/etPwd')
[INFO 2019-09-23 11:00:42]点击：('id', 'com.mmm.ability:id/etPwd')，输入：123456
[INFO 2019-09-23 11:00:42]等待元素：('id', 'com.mmm.ability:id/tvToLogin')
[INFO 2019-09-23 11:00:43]点击元素：('id', 'com.mmm.ability:id/tvToLogin')
[INFO 2019-09-23 11:00:43]等待元素：('id', 'com.mmm.ability:id/ivSkip')
[INFO 2019-09-23 11:00:45]点击元素：('id', 'com.mmm.ability:id/ivSkip')
[INFO 2019-09-23 11:00:45]等待元素：('id', 'com.mmm.ability:id/ivTitle')
[INFO 2019-09-23 11:00:46]等待元素：('id', 'lavWantToQuestion')
[INFO 2019-09-23 11:00:46]点击元素：('id', 'lavWantToQuestion')
[INFO 2019-09-23 11:00:47]等待元素：('id', 'tvAddDept')
[INFO 2019-09-23 11:00:47]点击元素：('id', 'tvAddDept')
[INFO 2019-09-23 11:00:47]等待元素：('xpath', "//*[@text='研发部']")
[INFO 2019-09-23 11:00:48]点击元素：('xpath', "//*[@text='研发部']")
[INFO 2019-09-23 11:00:50]等待元素：('id', 'etQueTitle')
[INFO 2019-09-23 11:00:50]点击：('id', 'etQueTitle')，输入：自动化测试标题
[INFO 2019-09-23 11:00:50]等待元素：('id', 'etQueContent')
[INFO 2019-09-23 11:00:50]点击：('id', 'etQueContent')，输入：自动化测试内容
[INFO 2019-09-23 11:00:51]等待元素：('id', 'tvRelease')
[INFO 2019-09-23 11:00:51]点击元素：('id', 'tvRelease')
[INFO 2019-09-23 11:00:52]等待元素：('id', 'com.mmm.ability:id/ivMine')
[INFO 2019-09-23 11:00:54]点击元素：('id', 'com.mmm.ability:id/ivMine')
[INFO 2019-09-23 11:00:55]等待元素：('id', 'com.mmm.ability:id/tvNewModeratedNumber')
[INFO 2019-09-23 11:00:56]点击元素：('id', 'com.mmm.ability:id/tvNewModeratedNumber')
[INFO 2019-09-23 11:00:56]等待元素：('xpath', "(//*[@resource-id='com.mmm.ability:id/tvQueTitle'])[1]")
[INFO 2019-09-23 11:00:57]获取：('xpath', "(//*[@resource-id='com.mmm.ability:id/tvQueTitle'])[1]")元素文本：自动化测试标题
[INFO 2019-09-23 11:00:57]等待元素：('id', 'com.mmm.ability:id/ivMine')
[ERROR 2019-09-23 11:01:18]等待元素：('id', 'com.mmm.ability:id/ivMine')超时
[INFO 2019-09-23 11:01:19]保存截图至:image
[INFO 2019-09-23 11:05:12]等待元素：('id', 'com.mmm.ability:id/tvTabPwd')
[INFO 2019-09-23 11:05:13]点击元素：('id', 'com.mmm.ability:id/tvTabPwd')
[INFO 2019-09-23 11:05:13]等待元素：('id', 'com.mmm.ability:id/etAccount')
[INFO 2019-09-23 11:05:14]点击：('id', 'com.mmm.ability:id/etAccount')，输入：13559112967
[INFO 2019-09-23 11:05:14]等待元素：('id', 'com.mmm.ability:id/etPwd')
[INFO 2019-09-23 11:05:15]点击：('id', 'com.mmm.ability:id/etPwd')，输入：123456
[INFO 2019-09-23 11:05:15]等待元素：('id', 'com.mmm.ability:id/tvToLogin')
[INFO 2019-09-23 11:05:16]点击元素：('id', 'com.mmm.ability:id/tvToLogin')
[INFO 2019-09-23 11:05:16]等待元素：('id', 'com.mmm.ability:id/ivSkip')
[INFO 2019-09-23 11:05:18]点击元素：('id', 'com.mmm.ability:id/ivSkip')
[INFO 2019-09-23 11:05:18]等待元素：('id', 'com.mmm.ability:id/ivTitle')
[INFO 2019-09-23 11:05:19]等待元素：('id', 'lavWantToQuestion')
[INFO 2019-09-23 11:05:19]点击元素：('id', 'lavWantToQuestion')
[INFO 2019-09-23 11:05:20]等待元素：('id', 'tvAddDept')
[INFO 2019-09-23 11:05:20]点击元素：('id', 'tvAddDept')
[INFO 2019-09-23 11:05:20]等待元素：('xpath', "//*[@text='研发部']")
[INFO 2019-09-23 11:05:22]点击元素：('xpath', "//*[@text='研发部']")
[INFO 2019-09-23 11:05:23]等待元素：('id', 'etQueTitle')
[INFO 2019-09-23 11:05:23]点击：('id', 'etQueTitle')，输入：自动化测试标题
[INFO 2019-09-23 11:05:23]等待元素：('id', 'etQueContent')
[INFO 2019-09-23 11:05:23]点击：('id', 'etQueContent')，输入：自动化测试内容
[INFO 2019-09-23 11:05:23]等待元素：('id', 'tvRelease')
[INFO 2019-09-23 11:05:24]点击元素：('id', 'tvRelease')
[INFO 2019-09-23 11:05:24]等待元素：('id', 'com.mmm.ability:id/ivMine')
[INFO 2019-09-23 11:05:27]点击元素：('id', 'com.mmm.ability:id/ivMine')
[INFO 2019-09-23 11:05:28]等待元素：('id', 'com.mmm.ability:id/tvNewModeratedNumber')
[INFO 2019-09-23 11:05:28]点击元素：('id', 'com.mmm.ability:id/tvNewModeratedNumber')
[INFO 2019-09-23 11:05:28]等待元素：('xpath', "(//*[@resource-id='com.mmm.ability:id/tvQueTitle'])[1]")
[INFO 2019-09-23 11:05:29]获取：('xpath', "(//*[@resource-id='com.mmm.ability:id/tvQueTitle'])[1]")元素文本：自动化测试标题
[INFO 2019-09-23 11:09:18]等待元素：('id', 'com.mmm.ability:id/tvTabPwd')
[INFO 2019-09-23 11:09:19]点击元素：('id', 'com.mmm.ability:id/tvTabPwd')
[INFO 2019-09-23 11:09:19]等待元素：('id', 'com.mmm.ability:id/etAccount')
[INFO 2019-09-23 11:09:20]点击：('id', 'com.mmm.ability:id/etAccount')，输入：13559112967
[INFO 2019-09-23 11:09:20]等待元素：('id', 'com.mmm.ability:id/etPwd')
[INFO 2019-09-23 11:09:20]点击：('id', 'com.mmm.ability:id/etPwd')，输入：123456
[INFO 2019-09-23 11:09:20]等待元素：('id', 'com.mmm.ability:id/tvToLogin')
[INFO 2019-09-23 11:09:21]点击元素：('id', 'com.mmm.ability:id/tvToLogin')
[INFO 2019-09-23 11:09:21]等待元素：('id', 'com.mmm.ability:id/ivSkip')
[INFO 2019-09-23 11:09:23]点击元素：('id', 'com.mmm.ability:id/ivSkip')
[INFO 2019-09-23 11:09:23]等待元素：('id', 'com.mmm.ability:id/ivTitle')
[INFO 2019-09-23 11:09:24]等待元素：('id', 'lavWantToQuestion')
[INFO 2019-09-23 11:09:25]点击元素：('id', 'lavWantToQuestion')
[INFO 2019-09-23 11:09:26]等待元素：('id', 'tvAddDept')
[INFO 2019-09-23 11:09:26]点击元素：('id', 'tvAddDept')
[INFO 2019-09-23 11:09:26]等待元素：('xpath', "//*[@text='研发部']")
[INFO 2019-09-23 11:09:27]点击元素：('xpath', "//*[@text='研发部']")
[INFO 2019-09-23 11:09:28]等待元素：('id', 'etQueTitle')
[INFO 2019-09-23 11:09:28]点击：('id', 'etQueTitle')，输入：自动化测试标题
[INFO 2019-09-23 11:09:29]等待元素：('id', 'etQueContent')
[INFO 2019-09-23 11:09:29]点击：('id', 'etQueContent')，输入：自动化测试内容
[INFO 2019-09-23 11:09:29]等待元素：('id', 'tvRelease')
[INFO 2019-09-23 11:09:30]点击元素：('id', 'tvRelease')
[INFO 2019-09-23 11:09:30]等待元素：('id', 'com.mmm.ability:id/ivMine')
[INFO 2019-09-23 11:09:33]点击元素：('id', 'com.mmm.ability:id/ivMine')
[INFO 2019-09-23 11:09:34]等待元素：('id', 'com.mmm.ability:id/tvNewModeratedNumber')
[INFO 2019-09-23 11:09:34]点击元素：('id', 'com.mmm.ability:id/tvNewModeratedNumber')
[INFO 2019-09-23 11:09:35]等待元素：('xpath', "(//*[@resource-id='com.mmm.ability:id/tvQueTitle'])[1]")
[INFO 2019-09-23 11:09:35]获取：('xpath', "(//*[@resource-id='com.mmm.ability:id/tvQueTitle'])[1]")元素文本：自动化测试标题
[INFO 2019-09-23 11:11:10]等待元素：('id', 'com.mmm.ability:id/tvTabPwd')
[INFO 2019-09-23 11:11:11]点击元素：('id', 'com.mmm.ability:id/tvTabPwd')
[INFO 2019-09-23 11:11:11]等待元素：('id', 'com.mmm.ability:id/etAccount')
[INFO 2019-09-23 11:11:12]点击：('id', 'com.mmm.ability:id/etAccount')，输入：13559112967
[INFO 2019-09-23 11:11:12]等待元素：('id', 'com.mmm.ability:id/etPwd')
[INFO 2019-09-23 11:11:13]点击：('id', 'com.mmm.ability:id/etPwd')，输入：123456
[INFO 2019-09-23 11:11:13]等待元素：('id', 'com.mmm.ability:id/tvToLogin')
[INFO 2019-09-23 11:11:14]点击元素：('id', 'com.mmm.ability:id/tvToLogin')
[INFO 2019-09-23 11:11:14]等待元素：('id', 'com.mmm.ability:id/ivSkip')
[INFO 2019-09-23 11:11:16]点击元素：('id', 'com.mmm.ability:id/ivSkip')
[INFO 2019-09-23 11:11:16]等待元素：('id', 'com.mmm.ability:id/ivTitle')
[INFO 2019-09-23 11:11:17]等待元素：('id', 'lavWantToQuestion')
[INFO 2019-09-23 11:11:17]点击元素：('id', 'lavWantToQuestion')
[INFO 2019-09-23 11:11:18]等待元素：('id', 'tvAddDept')
[INFO 2019-09-23 11:11:18]点击元素：('id', 'tvAddDept')
[INFO 2019-09-23 11:11:18]等待元素：('xpath', "//*[@text='研发部']")
[INFO 2019-09-23 11:11:20]点击元素：('xpath', "//*[@text='研发部']")
[INFO 2019-09-23 11:11:21]等待元素：('id', 'etQueTitle')
[INFO 2019-09-23 11:11:21]点击：('id', 'etQueTitle')，输入：自动化测试标题
[INFO 2019-09-23 11:11:21]等待元素：('id', 'etQueContent')
[INFO 2019-09-23 11:11:21]点击：('id', 'etQueContent')，输入：自动化测试内容
[INFO 2019-09-23 11:11:21]等待元素：('id', 'tvRelease')
[INFO 2019-09-23 11:11:22]点击元素：('id', 'tvRelease')
[INFO 2019-09-23 11:11:22]等待元素：('id', 'com.mmm.ability:id/ivMine')
[INFO 2019-09-23 11:11:25]点击元素：('id', 'com.mmm.ability:id/ivMine')
[INFO 2019-09-23 11:11:26]等待元素：('id', 'com.mmm.ability:id/tvNewModeratedNumber')
[INFO 2019-09-23 11:11:26]点击元素：('id', 'com.mmm.ability:id/tvNewModeratedNumber')
[INFO 2019-09-23 11:11:26]等待元素：('xpath', "(//*[@resource-id='com.mmm.ability:id/tvQueTitle'])[1]")
[INFO 2019-09-23 11:11:27]获取：('xpath', "(//*[@resource-id='com.mmm.ability:id/tvQueTitle'])[1]")元素文本：自动化测试标题
[INFO 2019-09-23 11:12:16]等待元素：('id', 'com.mmm.ability:id/tvTabPwd')
[INFO 2019-09-23 11:12:17]点击元素：('id', 'com.mmm.ability:id/tvTabPwd')
[INFO 2019-09-23 11:12:17]等待元素：('id', 'com.mmm.ability:id/etAccount')
[INFO 2019-09-23 11:12:18]点击：('id', 'com.mmm.ability:id/etAccount')，输入：13559112967
[INFO 2019-09-23 11:12:19]等待元素：('id', 'com.mmm.ability:id/etPwd')
[INFO 2019-09-23 11:12:19]点击：('id', 'com.mmm.ability:id/etPwd')，输入：123456
[INFO 2019-09-23 11:12:19]等待元素：('id', 'com.mmm.ability:id/tvToLogin')
[INFO 2019-09-23 11:12:20]点击元素：('id', 'com.mmm.ability:id/tvToLogin')
[INFO 2019-09-23 11:12:22]等待元素：('id', 'com.mmm.ability:id/ivSkip')
[INFO 2019-09-23 11:12:22]点击元素：('id', 'com.mmm.ability:id/ivSkip')
[INFO 2019-09-23 11:12:22]等待元素：('id', 'com.mmm.ability:id/ivTitle')
[INFO 2019-09-23 11:12:23]等待元素：('id', 'lavWantToQuestion')
[INFO 2019-09-23 11:12:23]点击元素：('id', 'lavWantToQuestion')
[INFO 2019-09-23 11:12:24]等待元素：('id', 'tvAddDept')
[INFO 2019-09-23 11:12:25]点击元素：('id', 'tvAddDept')
[INFO 2019-09-23 11:12:25]等待元素：('xpath', "//*[@text='研发部']")
[INFO 2019-09-23 11:12:26]点击元素：('xpath', "//*[@text='研发部']")
[INFO 2019-09-23 11:12:27]等待元素：('id', 'etQueTitle')
[INFO 2019-09-23 11:12:27]点击：('id', 'etQueTitle')，输入：自动化测试标题
[INFO 2019-09-23 11:12:27]等待元素：('id', 'etQueContent')
[ERROR 2019-09-23 11:12:27]等待元素：('id', 'etQueContent')超时
[INFO 2019-09-23 11:13:02]等待元素：('id', 'com.mmm.ability:id/tvTabPwd')
[INFO 2019-09-23 11:13:03]点击元素：('id', 'com.mmm.ability:id/tvTabPwd')
[INFO 2019-09-23 11:13:03]等待元素：('id', 'com.mmm.ability:id/etAccount')
[INFO 2019-09-23 11:13:04]点击：('id', 'com.mmm.ability:id/etAccount')，输入：13559112967
[INFO 2019-09-23 11:13:04]等待元素：('id', 'com.mmm.ability:id/etPwd')
[INFO 2019-09-23 11:13:05]点击：('id', 'com.mmm.ability:id/etPwd')，输入：123456
[INFO 2019-09-23 11:13:05]等待元素：('id', 'com.mmm.ability:id/tvToLogin')
[INFO 2019-09-23 11:13:06]点击元素：('id', 'com.mmm.ability:id/tvToLogin')
[INFO 2019-09-23 11:13:06]等待元素：('id', 'com.mmm.ability:id/ivSkip')
[INFO 2019-09-23 11:13:08]点击元素：('id', 'com.mmm.ability:id/ivSkip')
[INFO 2019-09-23 11:13:08]等待元素：('id', 'com.mmm.ability:id/ivTitle')
[INFO 2019-09-23 11:13:09]等待元素：('id', 'lavWantToQuestion')
[INFO 2019-09-23 11:13:09]点击元素：('id', 'lavWantToQuestion')
[INFO 2019-09-23 11:13:10]等待元素：('id', 'tvAddDept')
[INFO 2019-09-23 11:13:10]点击元素：('id', 'tvAddDept')
[INFO 2019-09-23 11:13:10]等待元素：('xpath', "//*[@text='研发部']")
[INFO 2019-09-23 11:13:12]点击元素：('xpath', "//*[@text='研发部']")
[INFO 2019-09-23 11:13:13]等待元素：('id', 'etQueTitle')
[INFO 2019-09-23 11:13:13]点击：('id', 'etQueTitle')，输入：自动化测试标题
[INFO 2019-09-23 11:13:13]等待元素：('id', 'etQueContent')
[INFO 2019-09-23 11:13:13]点击：('id', 'etQueContent')，输入：自动化测试内容
[INFO 2019-09-23 11:13:14]等待元素：('id', 'tvRelease')
[INFO 2019-09-23 11:13:14]点击元素：('id', 'tvRelease')
[INFO 2019-09-23 11:13:15]等待元素：('id', 'com.mmm.ability:id/ivMine')
[INFO 2019-09-23 11:13:17]点击元素：('id', 'com.mmm.ability:id/ivMine')
[INFO 2019-09-23 11:13:19]等待元素：('id', 'com.mmm.ability:id/tvNewModeratedNumber')
[INFO 2019-09-23 11:13:19]点击元素：('id', 'com.mmm.ability:id/tvNewModeratedNumber')
[INFO 2019-09-23 11:13:19]等待元素：('xpath', "(//*[@resource-id='com.mmm.ability:id/tvQueTitle'])[1]")
[INFO 2019-09-23 11:13:20]获取：('xpath', "(//*[@resource-id='com.mmm.ability:id/tvQueTitle'])[1]")元素文本：自动化测试标题
[INFO 2019-09-23 11:28:13]等待元素：('id', 'com.mmm.ability:id/tvTabPwd')
[INFO 2019-09-23 11:28:15]点击元素：('id', 'com.mmm.ability:id/tvTabPwd')
[INFO 2019-09-23 11:28:15]等待元素：('id', 'com.mmm.ability:id/etAccount')
[INFO 2019-09-23 11:28:16]点击：('id', 'com.mmm.ability:id/etAccount')，输入：13559112967
[INFO 2019-09-23 11:28:16]等待元素：('id', 'com.mmm.ability:id/etPwd')
[INFO 2019-09-23 11:28:17]点击：('id', 'com.mmm.ability:id/etPwd')，输入：123456
[INFO 2019-09-23 11:28:17]等待元素：('id', 'com.mmm.ability:id/tvToLogin')
[INFO 2019-09-23 11:28:17]点击元素：('id', 'com.mmm.ability:id/tvToLogin')
[INFO 2019-09-23 11:28:18]等待元素：('id', 'com.mmm.ability:id/ivSkip')
[INFO 2019-09-23 11:28:20]点击元素：('id', 'com.mmm.ability:id/ivSkip')
[INFO 2019-09-23 11:28:20]等待元素：('id', 'com.mmm.ability:id/ivTitle')
[INFO 2019-09-23 11:28:21]等待元素：('id', 'lavWantToQuestion')
[INFO 2019-09-23 11:28:21]点击元素：('id', 'lavWantToQuestion')
[INFO 2019-09-23 11:28:22]等待元素：('id', 'tvAddDept')
[INFO 2019-09-23 11:28:22]点击元素：('id', 'tvAddDept')
[INFO 2019-09-23 11:28:22]等待元素：('xpath', "//*[@text='研发部']")
[INFO 2019-09-23 11:28:24]点击元素：('xpath', "//*[@text='研发部']")
[INFO 2019-09-23 11:28:25]等待元素：('id', 'etQueTitle')
[INFO 2019-09-23 11:28:25]点击：('id', 'etQueTitle')，输入：自动化测试标题9085
[INFO 2019-09-23 11:28:25]等待元素：('id', 'etQueContent')
[INFO 2019-09-23 11:28:25]点击：('id', 'etQueContent')，输入：自动化测试内容3657
[INFO 2019-09-23 11:28:25]等待元素：('id', 'tvRelease')
[INFO 2019-09-23 11:28:26]点击元素：('id', 'tvRelease')
[INFO 2019-09-23 11:28:26]等待元素：('id', 'com.mmm.ability:id/ivMine')
[INFO 2019-09-23 11:28:29]点击元素：('id', 'com.mmm.ability:id/ivMine')
[INFO 2019-09-23 11:28:30]等待元素：('id', 'com.mmm.ability:id/tvNewModeratedNumber')
[INFO 2019-09-23 11:28:30]点击元素：('id', 'com.mmm.ability:id/tvNewModeratedNumber')
[INFO 2019-09-23 11:28:30]等待元素：('xpath', "(//*[@resource-id='com.mmm.ability:id/tvQueTitle'])[1]")
[INFO 2019-09-23 11:28:32]获取：('xpath', "(//*[@resource-id='com.mmm.ability:id/tvQueTitle'])[1]")元素文本：自动化测试标题9085
[INFO 2019-09-23 13:09:00]等待元素：('id', 'com.mmm.ability:id/tvTabPwd')
[INFO 2019-09-23 13:09:02]点击元素：('id', 'com.mmm.ability:id/tvTabPwd')
[INFO 2019-09-23 13:09:02]等待元素：('id', 'com.mmm.ability:id/etAccount')
[INFO 2019-09-23 13:09:03]点击：('id', 'com.mmm.ability:id/etAccount')，输入：13559112967
[INFO 2019-09-23 13:09:03]等待元素：('id', 'com.mmm.ability:id/etPwd')
[INFO 2019-09-23 13:09:03]点击：('id', 'com.mmm.ability:id/etPwd')，输入：123456
[INFO 2019-09-23 13:09:04]等待元素：('id', 'com.mmm.ability:id/tvToLogin')
[INFO 2019-09-23 13:09:05]点击元素：('id', 'com.mmm.ability:id/tvToLogin')
[INFO 2019-09-23 13:09:05]等待元素：('id', 'com.mmm.ability:id/ivSkip')
[INFO 2019-09-23 13:09:08]点击元素：('id', 'com.mmm.ability:id/ivSkip')
[INFO 2019-09-23 13:09:08]等待元素：('id', 'com.mmm.ability:id/ivTitle')
[INFO 2019-09-23 13:09:09]等待元素：('id', 'lavWantToQuestion')
[INFO 2019-09-23 13:09:09]点击元素：('id', 'lavWantToQuestion')
[INFO 2019-09-23 13:09:10]等待元素：('id', 'tvAddDept')
[INFO 2019-09-23 13:09:10]点击元素：('id', 'tvAddDept')
[INFO 2019-09-23 13:09:10]等待元素：('xpath', "//*[@text='研发部']")
[INFO 2019-09-23 13:09:11]点击元素：('xpath', "//*[@text='研发部']")
[INFO 2019-09-23 13:09:12]等待元素：('id', 'etQueTitle')
[INFO 2019-09-23 13:09:12]点击：('id', 'etQueTitle')，输入：自动化测试标题3479
[INFO 2019-09-23 13:09:13]等待元素：('id', 'etQueContent')
[INFO 2019-09-23 13:09:13]点击：('id', 'etQueContent')，输入：自动化测试内容6648
[INFO 2019-09-23 13:09:13]等待元素：('id', 'tvRelease')
[INFO 2019-09-23 13:09:14]点击元素：('id', 'tvRelease')
[INFO 2019-09-23 13:09:14]等待元素：('id', 'com.mmm.ability:id/ivMine')
[INFO 2019-09-23 13:09:17]点击元素：('id', 'com.mmm.ability:id/ivMine')
[INFO 2019-09-23 13:09:18]等待元素：('id', 'com.mmm.ability:id/tvNewModeratedNumber')
[INFO 2019-09-23 13:09:18]点击元素：('id', 'com.mmm.ability:id/tvNewModeratedNumber')
[INFO 2019-09-23 13:09:18]等待元素：('xpath', "(//*[@resource-id='com.mmm.ability:id/tvQueTitle'])[1]")
[INFO 2019-09-23 13:09:19]获取：('xpath', "(//*[@resource-id='com.mmm.ability:id/tvQueTitle'])[1]")元素文本：自动化测试标题3479
[INFO 2019-09-23 13:10:26]等待元素：('id', 'com.mmm.ability:id/tvTabPwd')
[INFO 2019-09-23 13:10:29]点击元素：('id', 'com.mmm.ability:id/tvTabPwd')
[INFO 2019-09-23 13:10:30]等待元素：('id', 'com.mmm.ability:id/etAccount')
[INFO 2019-09-23 13:10:30]点击：('id', 'com.mmm.ability:id/etAccount')，输入：13559112967
[INFO 2019-09-23 13:10:30]等待元素：('id', 'com.mmm.ability:id/etPwd')
[INFO 2019-09-23 13:10:31]点击：('id', 'com.mmm.ability:id/etPwd')，输入：123456
[INFO 2019-09-23 13:10:31]等待元素：('id', 'com.mmm.ability:id/tvToLogin')
[INFO 2019-09-23 13:10:32]点击元素：('id', 'com.mmm.ability:id/tvToLogin')
[INFO 2019-09-23 13:10:32]等待元素：('id', 'com.mmm.ability:id/ivSkip')
[INFO 2019-09-23 13:10:34]点击元素：('id', 'com.mmm.ability:id/ivSkip')
[INFO 2019-09-23 13:10:35]等待元素：('id', 'com.mmm.ability:id/ivTitle')
[INFO 2019-09-23 13:10:35]等待元素：('id', 'lavWantToQuestion')
[INFO 2019-09-23 13:10:35]点击元素：('id', 'lavWantToQuestion')
[INFO 2019-09-23 13:10:36]等待元素：('id', 'tvAddDept')
[INFO 2019-09-23 13:10:36]点击元素：('id', 'tvAddDept')
[INFO 2019-09-23 13:10:36]等待元素：('xpath', "//*[@text='研发部']")
[INFO 2019-09-23 13:10:37]点击元素：('xpath', "//*[@text='研发部']")
[INFO 2019-09-23 13:10:39]等待元素：('id', 'etQueTitle')
[INFO 2019-09-23 13:10:39]点击：('id', 'etQueTitle')，输入：自动化测试标题4546
[INFO 2019-09-23 13:10:39]等待元素：('id', 'etQueContent')
[INFO 2019-09-23 13:10:40]点击：('id', 'etQueContent')，输入：自动化测试内容7958
[INFO 2019-09-23 13:10:40]等待元素：('id', 'tvRelease')
[INFO 2019-09-23 13:10:40]点击元素：('id', 'tvRelease')
[INFO 2019-09-23 13:10:40]等待元素：('id', 'com.mmm.ability:id/ivMine')
[INFO 2019-09-23 13:10:43]点击元素：('id', 'com.mmm.ability:id/ivMine')
[INFO 2019-09-23 13:10:44]等待元素：('id', 'com.mmm.ability:id/tvNewModeratedNumber')
[INFO 2019-09-23 13:10:44]点击元素：('id', 'com.mmm.ability:id/tvNewModeratedNumber')
[INFO 2019-09-23 13:10:44]等待元素：('xpath', "(//*[@resource-id='com.mmm.ability:id/tvQueTitle'])[1]")
[INFO 2019-09-23 13:10:46]获取：('xpath', "(//*[@resource-id='com.mmm.ability:id/tvQueTitle'])[1]")元素文本：自动化测试标题4546
[INFO 2019-09-23 13:11:30]等待元素：('id', 'com.mmm.ability:id/tvTabPwd')
[INFO 2019-09-23 13:11:34]点击元素：('id', 'com.mmm.ability:id/tvTabPwd')
[INFO 2019-09-23 13:11:35]等待元素：('id', 'com.mmm.ability:id/etAccount')
[INFO 2019-09-23 13:11:35]点击：('id', 'com.mmm.ability:id/etAccount')，输入：13559112967
[INFO 2019-09-23 13:11:36]等待元素：('id', 'com.mmm.ability:id/etPwd')
[INFO 2019-09-23 13:11:36]点击：('id', 'com.mmm.ability:id/etPwd')，输入：123456
[INFO 2019-09-23 13:11:36]等待元素：('id', 'com.mmm.ability:id/tvToLogin')
[INFO 2019-09-23 13:11:37]点击元素：('id', 'com.mmm.ability:id/tvToLogin')
[INFO 2019-09-23 13:11:37]等待元素：('id', 'com.mmm.ability:id/ivSkip')
[INFO 2019-09-23 13:11:40]点击元素：('id', 'com.mmm.ability:id/ivSkip')
[INFO 2019-09-23 13:11:40]等待元素：('id', 'com.mmm.ability:id/ivTitle')
[INFO 2019-09-23 13:11:41]等待元素：('id', 'lavWantToQuestion')
[INFO 2019-09-23 13:11:41]点击元素：('id', 'lavWantToQuestion')
[INFO 2019-09-23 13:11:42]等待元素：('id', 'tvAddDept')
[INFO 2019-09-23 13:11:42]点击元素：('id', 'tvAddDept')
[INFO 2019-09-23 13:11:42]等待元素：('xpath', "//*[@text='研发部']")
[INFO 2019-09-23 13:11:44]点击元素：('xpath', "//*[@text='研发部']")
[INFO 2019-09-23 13:11:45]等待元素：('id', 'tvDeptName')
[INFO 2019-09-23 13:11:45]获取：('id', 'tvDeptName')元素文本：研发部
[INFO 2019-09-23 13:12:20]等待元素：('id', 'com.mmm.ability:id/tvTabPwd')
[INFO 2019-09-23 13:12:22]点击元素：('id', 'com.mmm.ability:id/tvTabPwd')
[INFO 2019-09-23 13:12:22]等待元素：('id', 'com.mmm.ability:id/etAccount')
[INFO 2019-09-23 13:12:23]点击：('id', 'com.mmm.ability:id/etAccount')，输入：13559112967
[INFO 2019-09-23 13:12:23]等待元素：('id', 'com.mmm.ability:id/etPwd')
[INFO 2019-09-23 13:12:24]点击：('id', 'com.mmm.ability:id/etPwd')，输入：123456
[INFO 2019-09-23 13:12:24]等待元素：('id', 'com.mmm.ability:id/tvToLogin')
[INFO 2019-09-23 13:12:25]点击元素：('id', 'com.mmm.ability:id/tvToLogin')
[INFO 2019-09-23 13:12:25]等待元素：('id', 'com.mmm.ability:id/ivSkip')
[INFO 2019-09-23 13:12:29]点击元素：('id', 'com.mmm.ability:id/ivSkip')
[INFO 2019-09-23 13:12:29]等待元素：('id', 'com.mmm.ability:id/ivTitle')
[INFO 2019-09-23 13:12:30]等待元素：('id', 'lavWantToQuestion')
[INFO 2019-09-23 13:12:30]点击元素：('id', 'lavWantToQuestion')
[INFO 2019-09-23 13:12:31]等待元素：('id', 'tvAddDept')
[INFO 2019-09-23 13:12:31]点击元素：('id', 'tvAddDept')
[INFO 2019-09-23 13:12:31]等待元素：('xpath', "//*[@text='研发部']")
[INFO 2019-09-23 13:12:33]点击元素：('xpath', "//*[@text='研发部']")
[INFO 2019-09-23 13:12:34]等待元素：('id', 'tvDeptName')
[INFO 2019-09-23 13:12:34]获取：('id', 'tvDeptName')元素文本：研发部
[INFO 2019-09-23 13:12:36]等待元素：('id', 'com.mmm.ability:id/ivTitle')
[INFO 2019-09-23 13:12:38]等待元素：('id', 'lavWantToQuestion')
[INFO 2019-09-23 13:12:38]点击元素：('id', 'lavWantToQuestion')
[INFO 2019-09-23 13:12:40]等待元素：('id', 'tvAddDept')
[INFO 2019-09-23 13:12:40]点击元素：('id', 'tvAddDept')
[INFO 2019-09-23 13:12:40]等待元素：('xpath', "//*[@text='研发部']")
[INFO 2019-09-23 13:12:41]点击元素：('xpath', "//*[@text='研发部']")
[INFO 2019-09-23 13:12:42]等待元素：('id', 'tvDeptName')
[INFO 2019-09-23 13:12:42]获取：('id', 'tvDeptName')元素文本：研发部
[INFO 2019-09-23 13:59:44]等待元素：('id', 'com.mmm.ability:id/tvTabPwd')
[INFO 2019-09-23 13:59:52]点击元素：('id', 'com.mmm.ability:id/tvTabPwd')
[INFO 2019-09-23 13:59:52]等待元素：('id', 'com.mmm.ability:id/etAccount')
[INFO 2019-09-23 13:59:53]点击：('id', 'com.mmm.ability:id/etAccount')，输入：13559112967
[INFO 2019-09-23 13:59:53]等待元素：('id', 'com.mmm.ability:id/etPwd')
[INFO 2019-09-23 13:59:54]点击：('id', 'com.mmm.ability:id/etPwd')，输入：123456
[INFO 2019-09-23 13:59:54]等待元素：('id', 'com.mmm.ability:id/tvToLogin')
[INFO 2019-09-23 13:59:55]点击元素：('id', 'com.mmm.ability:id/tvToLogin')
[INFO 2019-09-23 13:59:55]等待元素：('id', 'com.mmm.ability:id/ivSkip')
[INFO 2019-09-23 13:59:57]点击元素：('id', 'com.mmm.ability:id/ivSkip')
[INFO 2019-09-23 13:59:57]等待元素：('id', 'com.mmm.ability:id/ivTitle')
[INFO 2019-09-23 13:59:58]等待元素：('id', 'lavWantToQuestion')
[INFO 2019-09-23 13:59:59]点击元素：('id', 'lavWantToQuestion')
[INFO 2019-09-23 14:00:00]等待元素：('id', 'tvAddDept')
[INFO 2019-09-23 14:00:00]点击元素：('id', 'tvAddDept')
[INFO 2019-09-23 14:00:00]等待元素：('xpath', "//*[@text='研发部']")
[INFO 2019-09-23 14:00:01]点击元素：('xpath', "//*[@text='研发部']")
[INFO 2019-09-23 14:00:02]等待元素：('id', 'etQueTitle')
[INFO 2019-09-23 14:00:02]点击：('id', 'etQueTitle')，输入：自动化测试标题4466
[INFO 2019-09-23 14:00:03]等待元素：('id', 'etQueContent')
[INFO 2019-09-23 14:00:03]点击：('id', 'etQueContent')，输入：自动化测试内容7318
[INFO 2019-09-23 14:00:03]等待元素：('id', 'tvRelease')
[INFO 2019-09-23 14:00:04]点击元素：('id', 'tvRelease')
[INFO 2019-09-23 14:00:04]等待元素：('id', 'com.mmm.ability:id/ivMine')
[INFO 2019-09-23 14:00:07]点击元素：('id', 'com.mmm.ability:id/ivMine')
[INFO 2019-09-23 14:00:08]等待元素：('id', 'com.mmm.ability:id/tvNewModeratedNumber')
[INFO 2019-09-23 14:00:08]点击元素：('id', 'com.mmm.ability:id/tvNewModeratedNumber')
[INFO 2019-09-23 14:00:09]等待元素：('xpath', "(//*[@resource-id='com.mmm.ability:id/tvQueTitle'])[1]")
[INFO 2019-09-23 14:00:10]获取：('xpath', "(//*[@resource-id='com.mmm.ability:id/tvQueTitle'])[1]")元素文本：自动化测试标题4466
[INFO 2019-09-23 14:00:12]等待元素：('id', 'com.mmm.ability:id/ivTitle')
[INFO 2019-09-23 14:00:14]等待元素：('id', 'lavWantToQuestion')
[INFO 2019-09-23 14:00:14]点击元素：('id', 'lavWantToQuestion')
[INFO 2019-09-23 14:00:15]等待元素：('id', 'com.mmm.ability:id/llSwitchVoice')
[INFO 2019-09-23 14:00:15]点击元素：('id', 'com.mmm.ability:id/llSwitchVoice')
[INFO 2019-09-23 14:00:16]等待元素：('id', 'tvQuestionVoice')
[INFO 2019-09-23 14:00:16]长按元素：('id', 'tvQuestionVoice')
[ERROR 2019-09-23 14:00:16]长按元素：按住说话失败
[INFO 2019-09-23 14:00:17]保存截图至:image
[INFO 2019-09-23 14:02:06]等待元素：('id', 'com.mmm.ability:id/tvTabPwd')
[INFO 2019-09-23 14:02:09]点击元素：('id', 'com.mmm.ability:id/tvTabPwd')
[INFO 2019-09-23 14:02:09]等待元素：('id', 'com.mmm.ability:id/etAccount')
[INFO 2019-09-23 14:02:10]点击：('id', 'com.mmm.ability:id/etAccount')，输入：13559112967
[INFO 2019-09-23 14:02:10]等待元素：('id', 'com.mmm.ability:id/etPwd')
[INFO 2019-09-23 14:02:11]点击：('id', 'com.mmm.ability:id/etPwd')，输入：123456
[INFO 2019-09-23 14:02:12]等待元素：('id', 'com.mmm.ability:id/tvToLogin')
[INFO 2019-09-23 14:02:12]点击元素：('id', 'com.mmm.ability:id/tvToLogin')
[INFO 2019-09-23 14:02:12]等待元素：('id', 'com.mmm.ability:id/ivSkip')
[INFO 2019-09-23 14:02:14]点击元素：('id', 'com.mmm.ability:id/ivSkip')
[INFO 2019-09-23 14:02:15]等待元素：('id', 'com.mmm.ability:id/ivTitle')
[INFO 2019-09-23 14:02:16]等待元素：('id', 'lavWantToQuestion')
[INFO 2019-09-23 14:02:16]点击元素：('id', 'lavWantToQuestion')
[INFO 2019-09-23 14:02:18]等待元素：('id', 'com.mmm.ability:id/llSwitchVoice')
[INFO 2019-09-23 14:02:18]点击元素：('id', 'com.mmm.ability:id/llSwitchVoice')
[INFO 2019-09-23 14:02:19]等待元素：('xpath', "//*[@text='按住说话']")
[INFO 2019-09-23 14:02:19]长按元素：('xpath', "//*[@text='按住说话']")
[ERROR 2019-09-23 14:02:19]长按元素：按住说话失败
[INFO 2019-09-23 14:02:19]保存截图至:image
[INFO 2019-09-23 14:05:58]等待元素：('id', 'com.mmm.ability:id/tvTabPwd')
[INFO 2019-09-23 14:05:59]点击元素：('id', 'com.mmm.ability:id/tvTabPwd')
[INFO 2019-09-23 14:05:59]等待元素：('id', 'com.mmm.ability:id/etAccount')
[INFO 2019-09-23 14:06:00]点击：('id', 'com.mmm.ability:id/etAccount')，输入：13559112967
[INFO 2019-09-23 14:06:01]等待元素：('id', 'com.mmm.ability:id/etPwd')
[INFO 2019-09-23 14:06:02]点击：('id', 'com.mmm.ability:id/etPwd')，输入：123456
[INFO 2019-09-23 14:06:02]等待元素：('id', 'com.mmm.ability:id/tvToLogin')
[INFO 2019-09-23 14:06:02]点击元素：('id', 'com.mmm.ability:id/tvToLogin')
[INFO 2019-09-23 14:06:03]等待元素：('id', 'com.mmm.ability:id/ivSkip')
[INFO 2019-09-23 14:06:05]点击元素：('id', 'com.mmm.ability:id/ivSkip')
[INFO 2019-09-23 14:06:05]等待元素：('id', 'com.mmm.ability:id/ivTitle')
[INFO 2019-09-23 14:06:06]等待元素：('id', 'lavWantToQuestion')
[INFO 2019-09-23 14:06:06]点击元素：('id', 'lavWantToQuestion')
[INFO 2019-09-23 14:06:07]等待元素：('id', 'com.mmm.ability:id/llSwitchVoice')
[INFO 2019-09-23 14:06:07]点击元素：('id', 'com.mmm.ability:id/llSwitchVoice')
[INFO 2019-09-23 14:07:49]等待元素：('id', 'com.mmm.ability:id/tvTabPwd')
[INFO 2019-09-23 14:07:51]点击元素：('id', 'com.mmm.ability:id/tvTabPwd')
[INFO 2019-09-23 14:07:51]等待元素：('id', 'com.mmm.ability:id/etAccount')
[INFO 2019-09-23 14:07:51]点击：('id', 'com.mmm.ability:id/etAccount')，输入：13559112967
[INFO 2019-09-23 14:07:51]等待元素：('id', 'com.mmm.ability:id/etPwd')
[INFO 2019-09-23 14:07:52]点击：('id', 'com.mmm.ability:id/etPwd')，输入：123456
[INFO 2019-09-23 14:07:52]等待元素：('id', 'com.mmm.ability:id/tvToLogin')
[INFO 2019-09-23 14:07:53]点击元素：('id', 'com.mmm.ability:id/tvToLogin')
[INFO 2019-09-23 14:07:53]等待元素：('id', 'com.mmm.ability:id/ivSkip')
[INFO 2019-09-23 14:07:55]点击元素：('id', 'com.mmm.ability:id/ivSkip')
[INFO 2019-09-23 14:07:55]等待元素：('id', 'com.mmm.ability:id/ivTitle')
[INFO 2019-09-23 14:07:56]等待元素：('id', 'lavWantToQuestion')
[INFO 2019-09-23 14:07:56]点击元素：('id', 'lavWantToQuestion')
[INFO 2019-09-23 14:07:58]等待元素：('id', 'com.mmm.ability:id/llSwitchVoice')
[INFO 2019-09-23 14:07:58]点击元素：('id', 'com.mmm.ability:id/llSwitchVoice')
[INFO 2019-09-23 14:07:59]等待元素：('xpath', "//*[@text='按住说话']")
[INFO 2019-09-23 14:08:25]等待元素：('id', 'com.mmm.ability:id/tvTabPwd')
[INFO 2019-09-23 14:08:27]点击元素：('id', 'com.mmm.ability:id/tvTabPwd')
[INFO 2019-09-23 14:08:27]等待元素：('id', 'com.mmm.ability:id/etAccount')
[INFO 2019-09-23 14:08:27]点击：('id', 'com.mmm.ability:id/etAccount')，输入：13559112967
[INFO 2019-09-23 14:08:27]等待元素：('id', 'com.mmm.ability:id/etPwd')
[INFO 2019-09-23 14:08:28]点击：('id', 'com.mmm.ability:id/etPwd')，输入：123456
[INFO 2019-09-23 14:08:29]等待元素：('id', 'com.mmm.ability:id/tvToLogin')
[INFO 2019-09-23 14:08:29]点击元素：('id', 'com.mmm.ability:id/tvToLogin')
[INFO 2019-09-23 14:08:29]等待元素：('id', 'com.mmm.ability:id/ivSkip')
[INFO 2019-09-23 14:08:32]点击元素：('id', 'com.mmm.ability:id/ivSkip')
[INFO 2019-09-23 14:08:32]等待元素：('id', 'com.mmm.ability:id/ivTitle')
[INFO 2019-09-23 14:08:33]等待元素：('id', 'lavWantToQuestion')
[INFO 2019-09-23 14:08:33]点击元素：('id', 'lavWantToQuestion')
[INFO 2019-09-23 14:08:34]等待元素：('id', 'com.mmm.ability:id/llSwitchVoice')
[INFO 2019-09-23 14:08:34]点击元素：('id', 'com.mmm.ability:id/llSwitchVoice')
[INFO 2019-09-23 14:08:35]等待元素：('xpath', "//*[@text='按住说话']")
[INFO 2019-09-23 14:10:23]等待元素：('id', 'com.mmm.ability:id/tvTabPwd')
[INFO 2019-09-23 14:10:28]点击元素：('id', 'com.mmm.ability:id/tvTabPwd')
[INFO 2019-09-23 14:10:28]等待元素：('id', 'com.mmm.ability:id/etAccount')
[INFO 2019-09-23 14:10:29]点击：('id', 'com.mmm.ability:id/etAccount')，输入：13559112967
[INFO 2019-09-23 14:10:29]等待元素：('id', 'com.mmm.ability:id/etPwd')
[INFO 2019-09-23 14:10:30]点击：('id', 'com.mmm.ability:id/etPwd')，输入：123456
[INFO 2019-09-23 14:10:30]等待元素：('id', 'com.mmm.ability:id/tvToLogin')
[INFO 2019-09-23 14:10:31]点击元素：('id', 'com.mmm.ability:id/tvToLogin')
[INFO 2019-09-23 14:10:31]等待元素：('id', 'com.mmm.ability:id/ivSkip')
[INFO 2019-09-23 14:10:33]点击元素：('id', 'com.mmm.ability:id/ivSkip')
[INFO 2019-09-23 14:10:33]等待元素：('id', 'com.mmm.ability:id/ivTitle')
[INFO 2019-09-23 14:10:34]等待元素：('id', 'lavWantToQuestion')
[INFO 2019-09-23 14:10:34]点击元素：('id', 'lavWantToQuestion')
[INFO 2019-09-23 14:10:34]等待元素：('id', 'com.mmm.ability:id/llSwitchVoice')
[INFO 2019-09-23 14:10:35]点击元素：('id', 'com.mmm.ability:id/llSwitchVoice')
[INFO 2019-09-23 14:10:36]等待元素：('xpath', "//*[@text='按住说话']")
[INFO 2019-09-23 14:10:37]长按：('xpath', "//*[@text='按住说话']")元素
[INFO 2019-09-23 14:13:59]等待元素：('id', 'com.mmm.ability:id/tvTabPwd')
[INFO 2019-09-23 14:14:00]点击元素：('id', 'com.mmm.ability:id/tvTabPwd')
[INFO 2019-09-23 14:14:00]等待元素：('id', 'com.mmm.ability:id/etAccount')
[INFO 2019-09-23 14:14:01]点击：('id', 'com.mmm.ability:id/etAccount')，输入：13559112967
[INFO 2019-09-23 14:14:01]等待元素：('id', 'com.mmm.ability:id/etPwd')
[INFO 2019-09-23 14:14:02]点击：('id', 'com.mmm.ability:id/etPwd')，输入：123456
[INFO 2019-09-23 14:14:02]等待元素：('id', 'com.mmm.ability:id/tvToLogin')
[INFO 2019-09-23 14:14:03]点击元素：('id', 'com.mmm.ability:id/tvToLogin')
[INFO 2019-09-23 14:14:03]等待元素：('id', 'com.mmm.ability:id/ivSkip')
[INFO 2019-09-23 14:14:05]点击元素：('id', 'com.mmm.ability:id/ivSkip')
[INFO 2019-09-23 14:14:05]等待元素：('id', 'com.mmm.ability:id/ivTitle')
[INFO 2019-09-23 14:14:06]等待元素：('id', 'lavWantToQuestion')
[INFO 2019-09-23 14:14:07]点击元素：('id', 'lavWantToQuestion')
[INFO 2019-09-23 14:14:08]等待元素：('id', 'tvAddDept')
[INFO 2019-09-23 14:14:08]点击元素：('id', 'tvAddDept')
[INFO 2019-09-23 14:14:08]等待元素：('xpath', "//*[@text='研发部']")
[INFO 2019-09-23 14:14:09]点击元素：('xpath', "//*[@text='研发部']")
[INFO 2019-09-23 14:14:10]等待元素：('id', 'etQueTitle')
[INFO 2019-09-23 14:14:10]点击：('id', 'etQueTitle')，输入：自动化测试标题1389
[INFO 2019-09-23 14:14:11]等待元素：('id', 'etQueContent')
[INFO 2019-09-23 14:14:12]点击：('id', 'etQueContent')，输入：自动化测试内容6727
[INFO 2019-09-23 14:14:12]等待元素：('id', 'tvRelease')
[INFO 2019-09-23 14:14:12]点击元素：('id', 'tvRelease')
[INFO 2019-09-23 14:14:12]等待元素：('id', 'com.mmm.ability:id/ivMine')
[INFO 2019-09-23 14:14:15]点击元素：('id', 'com.mmm.ability:id/ivMine')
[INFO 2019-09-23 14:14:17]等待元素：('id', 'com.mmm.ability:id/tvNewModeratedNumber')
[INFO 2019-09-23 14:14:17]点击元素：('id', 'com.mmm.ability:id/tvNewModeratedNumber')
[INFO 2019-09-23 14:14:17]等待元素：('xpath', "(//*[@resource-id='com.mmm.ability:id/tvQueTitle'])[1]")
[INFO 2019-09-23 14:14:18]获取：('xpath', "(//*[@resource-id='com.mmm.ability:id/tvQueTitle'])[1]")元素文本：自动化测试标题1389
[INFO 2019-09-23 14:14:20]等待元素：('id', 'com.mmm.ability:id/ivTitle')
[INFO 2019-09-23 14:14:23]等待元素：('id', 'lavWantToQuestion')
[INFO 2019-09-23 14:14:23]点击元素：('id', 'lavWantToQuestion')
[INFO 2019-09-23 14:14:24]等待元素：('id', 'com.mmm.ability:id/llSwitchVoice')
[INFO 2019-09-23 14:14:25]点击元素：('id', 'com.mmm.ability:id/llSwitchVoice')
[INFO 2019-09-23 14:14:26]等待元素：('xpath', "//*[@text='按住说话']")
[INFO 2019-09-23 14:14:26]长按：('xpath', "//*[@text='按住说话']")元素
[INFO 2019-09-23 14:23:54]等待元素：('id', 'com.mmm.ability:id/tvTabPwd')
[INFO 2019-09-23 14:23:56]点击元素：('id', 'com.mmm.ability:id/tvTabPwd')
[INFO 2019-09-23 14:23:56]等待元素：('id', 'com.mmm.ability:id/etAccount')
[INFO 2019-09-23 14:23:56]点击：('id', 'com.mmm.ability:id/etAccount')，输入：13559112967
[INFO 2019-09-23 14:23:56]等待元素：('id', 'com.mmm.ability:id/etPwd')
[INFO 2019-09-23 14:23:57]点击：('id', 'com.mmm.ability:id/etPwd')，输入：123456
[INFO 2019-09-23 14:23:58]等待元素：('id', 'com.mmm.ability:id/tvToLogin')
[INFO 2019-09-23 14:23:58]点击元素：('id', 'com.mmm.ability:id/tvToLogin')
[INFO 2019-09-23 14:23:58]等待元素：('id', 'com.mmm.ability:id/ivSkip')
[INFO 2019-09-23 14:24:03]点击元素：('id', 'com.mmm.ability:id/ivSkip')
[INFO 2019-09-23 14:24:04]等待元素：('id', 'com.mmm.ability:id/ivTitle')
[INFO 2019-09-23 14:24:04]等待元素：('id', 'lavWantToQuestion')
[INFO 2019-09-23 14:24:04]点击元素：('id', 'lavWantToQuestion')
[INFO 2019-09-23 14:24:05]等待元素：('id', 'tvAddDept')
[INFO 2019-09-23 14:24:05]点击元素：('id', 'tvAddDept')
[INFO 2019-09-23 14:24:05]等待元素：('xpath', "//*[@text='研发部']")
[INFO 2019-09-23 14:24:07]点击元素：('xpath', "//*[@text='研发部']")
[INFO 2019-09-23 14:24:08]等待元素：('id', 'tvDeptName')
[INFO 2019-09-23 14:24:08]获取：('id', 'tvDeptName')元素文本：研发部
[INFO 2019-09-23 14:24:10]等待元素：('id', 'com.mmm.ability:id/ivTitle')
[INFO 2019-09-23 14:24:12]等待元素：('id', 'lavWantToQuestion')
[INFO 2019-09-23 14:24:12]点击元素：('id', 'lavWantToQuestion')
[INFO 2019-09-23 14:24:14]等待元素：('id', 'tvAddDept')
[INFO 2019-09-23 14:24:14]点击元素：('id', 'tvAddDept')
[INFO 2019-09-23 14:24:14]等待元素：('xpath', "//*[@text='研发部']")
[INFO 2019-09-23 14:24:15]点击元素：('xpath', "//*[@text='研发部']")
[INFO 2019-09-23 14:24:16]等待元素：('id', 'tvDeptName')
[INFO 2019-09-23 14:24:16]获取：('id', 'tvDeptName')元素文本：研发部
[INFO 2019-09-23 14:24:18]等待元素：('id', 'com.mmm.ability:id/ivTitle')
[INFO 2019-09-23 14:24:20]等待元素：('id', 'lavWantToQuestion')
[INFO 2019-09-23 14:24:21]点击元素：('id', 'lavWantToQuestion')
[INFO 2019-09-23 14:24:22]等待元素：('id', 'tvAddDept')
[INFO 2019-09-23 14:24:22]点击元素：('id', 'tvAddDept')
[INFO 2019-09-23 14:24:22]等待元素：('xpath', "//*[@text='研发部']")
[INFO 2019-09-23 14:24:23]点击元素：('xpath', "//*[@text='研发部']")
[INFO 2019-09-23 14:24:24]等待元素：('id', 'etQueTitle')
[INFO 2019-09-23 14:24:24]点击：('id', 'etQueTitle')，输入：自动化测试标题7980
[INFO 2019-09-23 14:24:24]等待元素：('id', 'etQueContent')
[INFO 2019-09-23 14:24:25]点击：('id', 'etQueContent')，输入：自动化测试内容6887
[INFO 2019-09-23 14:24:25]等待元素：('id', 'tvRelease')
[INFO 2019-09-23 14:24:26]点击元素：('id', 'tvRelease')
[INFO 2019-09-23 14:24:26]等待元素：('id', 'com.mmm.ability:id/ivMine')
[INFO 2019-09-23 14:24:28]点击元素：('id', 'com.mmm.ability:id/ivMine')
[INFO 2019-09-23 14:24:30]等待元素：('id', 'com.mmm.ability:id/tvNewModeratedNumber')
[INFO 2019-09-23 14:24:30]点击元素：('id', 'com.mmm.ability:id/tvNewModeratedNumber')
[INFO 2019-09-23 14:24:30]等待元素：('xpath', "(//*[@resource-id='com.mmm.ability:id/tvQueTitle'])[1]")
[INFO 2019-09-23 14:24:31]获取：('xpath', "(//*[@resource-id='com.mmm.ability:id/tvQueTitle'])[1]")元素文本：自动化测试标题7980
[INFO 2019-09-23 14:24:33]等待元素：('id', 'com.mmm.ability:id/ivTitle')
[INFO 2019-09-23 14:24:45]等待元素：('id', 'lavWantToQuestion')
[INFO 2019-09-23 14:24:45]点击元素：('id', 'lavWantToQuestion')
[INFO 2019-09-23 14:24:47]等待元素：('id', 'com.mmm.ability:id/llSwitchVoice')
[INFO 2019-09-23 14:24:47]点击元素：('id', 'com.mmm.ability:id/llSwitchVoice')
[INFO 2019-09-23 14:24:48]等待元素：('xpath', "//*[@text='按住说话']")
[INFO 2019-09-23 14:24:48]长按：('xpath', "//*[@text='按住说话']")元素
[INFO 2019-09-23 14:25:02]等待元素：('id', 'com.mmm.ability:id/ivTitle')
[INFO 2019-09-23 14:25:06]等待元素：('id', 'lavWantToQuestion')
[INFO 2019-09-23 14:25:06]点击元素：('id', 'lavWantToQuestion')
[INFO 2019-09-23 14:25:07]等待元素：('id', 'com.mmm.ability:id/llSwitchVoice')
[INFO 2019-09-23 14:25:07]点击元素：('id', 'com.mmm.ability:id/llSwitchVoice')
[INFO 2019-09-23 14:25:08]等待元素：('xpath', "//*[@text='按住说话']")
[INFO 2019-09-23 14:25:08]长按：('xpath', "//*[@text='按住说话']")元素
[INFO 2019-09-23 15:18:11]等待元素：('id', 'com.mmm.ability:id/tvTabPwd')
[INFO 2019-09-23 15:18:13]点击元素：('id', 'com.mmm.ability:id/tvTabPwd')
[INFO 2019-09-23 15:18:13]等待元素：('id', 'com.mmm.ability:id/etAccount')
[INFO 2019-09-23 15:18:14]点击：('id', 'com.mmm.ability:id/etAccount')，输入：13559112967
[INFO 2019-09-23 15:18:14]等待元素：('id', 'com.mmm.ability:id/etPwd')
[INFO 2019-09-23 15:18:14]点击：('id', 'com.mmm.ability:id/etPwd')，输入：123456
[INFO 2019-09-23 15:18:15]等待元素：('id', 'com.mmm.ability:id/tvToLogin')
[INFO 2019-09-23 15:18:16]点击元素：('id', 'com.mmm.ability:id/tvToLogin')
[INFO 2019-09-23 15:18:16]等待元素：('id', 'com.mmm.ability:id/ivSkip')
[INFO 2019-09-23 15:18:18]点击元素：('id', 'com.mmm.ability:id/ivSkip')
[INFO 2019-09-23 15:18:19]等待元素：('id', 'com.mmm.ability:id/ivTitle')
[INFO 2019-09-23 15:18:19]等待元素：('id', 'com.mmm.ability:id/ivMine')
[INFO 2019-09-23 15:18:20]点击元素：('id', 'com.mmm.ability:id/ivMine')
[INFO 2019-09-23 15:18:21]等待元素：('id', 'com.mmm.ability:id/tvMyToCheckNumber')
[INFO 2019-09-23 15:18:21]获取：('id', 'com.mmm.ability:id/tvMyToCheckNumber')元素文本：0
[INFO 2019-09-23 15:18:21]等待元素：('id', 'com.mmm.ability:id/ivMine')
[ERROR 2019-09-23 15:18:42]等待元素：('id', 'com.mmm.ability:id/ivMine')超时
[INFO 2019-09-23 15:18:43]保存截图至:image
[INFO 2019-09-23 15:20:43]等待元素：('id', 'com.mmm.ability:id/tvTabPwd')
[INFO 2019-09-23 15:20:44]点击元素：('id', 'com.mmm.ability:id/tvTabPwd')
[INFO 2019-09-23 15:20:44]等待元素：('id', 'com.mmm.ability:id/etAccount')
[INFO 2019-09-23 15:20:45]点击：('id', 'com.mmm.ability:id/etAccount')，输入：13559112967
[INFO 2019-09-23 15:20:45]等待元素：('id', 'com.mmm.ability:id/etPwd')
[INFO 2019-09-23 15:20:46]点击：('id', 'com.mmm.ability:id/etPwd')，输入：123456
[INFO 2019-09-23 15:20:46]等待元素：('id', 'com.mmm.ability:id/tvToLogin')
[INFO 2019-09-23 15:20:47]点击元素：('id', 'com.mmm.ability:id/tvToLogin')
[INFO 2019-09-23 15:20:47]等待元素：('id', 'com.mmm.ability:id/ivSkip')
[INFO 2019-09-23 15:20:49]点击元素：('id', 'com.mmm.ability:id/ivSkip')
[INFO 2019-09-23 15:20:49]等待元素：('id', 'com.mmm.ability:id/ivTitle')
[INFO 2019-09-23 15:20:51]等待元素：('id', 'com.mmm.ability:id/ivMine')
[INFO 2019-09-23 15:20:51]点击元素：('id', 'com.mmm.ability:id/ivMine')
[INFO 2019-09-23 15:20:52]等待元素：('id', 'com.mmm.ability:id/tvMyToCheckNumber')
[INFO 2019-09-23 15:20:52]获取：('id', 'com.mmm.ability:id/tvMyToCheckNumber')元素文本：0
[INFO 2019-09-23 15:20:52]等待元素：('id', 'com.mmm.ability:id/ivMine')
[ERROR 2019-09-23 15:21:14]等待元素：('id', 'com.mmm.ability:id/ivMine')超时
[INFO 2019-09-23 15:21:14]保存截图至:image
[INFO 2019-09-23 15:24:04]等待元素：('id', 'com.mmm.ability:id/tvTabPwd')
[INFO 2019-09-23 15:24:11]点击元素：('id', 'com.mmm.ability:id/tvTabPwd')
[INFO 2019-09-23 15:24:11]等待元素：('id', 'com.mmm.ability:id/etAccount')
[INFO 2019-09-23 15:24:12]点击：('id', 'com.mmm.ability:id/etAccount')，输入：13559112967
[INFO 2019-09-23 15:24:12]等待元素：('id', 'com.mmm.ability:id/etPwd')
[INFO 2019-09-23 15:24:13]点击：('id', 'com.mmm.ability:id/etPwd')，输入：123456
[INFO 2019-09-23 15:24:13]等待元素：('id', 'com.mmm.ability:id/tvToLogin')
[INFO 2019-09-23 15:24:14]点击元素：('id', 'com.mmm.ability:id/tvToLogin')
[INFO 2019-09-23 15:24:14]等待元素：('id', 'com.mmm.ability:id/ivSkip')
[INFO 2019-09-23 15:24:17]点击元素：('id', 'com.mmm.ability:id/ivSkip')
[INFO 2019-09-23 15:24:17]等待元素：('id', 'com.mmm.ability:id/ivTitle')
[INFO 2019-09-23 15:24:18]等待元素：('id', 'com.mmm.ability:id/ivMine')
[INFO 2019-09-23 15:24:18]点击元素：('id', 'com.mmm.ability:id/ivMine')
[INFO 2019-09-23 15:24:18]等待元素：('id', 'com.mmm.ability:id/clMyToCheck')
[INFO 2019-09-23 15:24:20]点击元素：('id', 'com.mmm.ability:id/clMyToCheck')
[INFO 2019-09-23 15:24:20]等待元素：('xpath', "(//*[@resource-id='com.mmm.ability:id/recyclerView']/[@class='android.widget.LinearLayout'])[1]")
[ERROR 2019-09-23 15:24:40]等待元素：('xpath', "(//*[@resource-id='com.mmm.ability:id/recyclerView']/[@class='android.widget.LinearLayout'])[1]")超时
[INFO 2019-09-23 15:24:40]保存截图至:image
[INFO 2019-09-23 15:28:05]等待元素：('id', 'com.mmm.ability:id/tvTabPwd')
[INFO 2019-09-23 15:28:10]点击元素：('id', 'com.mmm.ability:id/tvTabPwd')
[INFO 2019-09-23 15:28:11]等待元素：('id', 'com.mmm.ability:id/etAccount')
[INFO 2019-09-23 15:28:11]点击：('id', 'com.mmm.ability:id/etAccount')，输入：13559112967
[INFO 2019-09-23 15:28:11]等待元素：('id', 'com.mmm.ability:id/etPwd')
[INFO 2019-09-23 15:28:12]点击：('id', 'com.mmm.ability:id/etPwd')，输入：123456
[INFO 2019-09-23 15:28:12]等待元素：('id', 'com.mmm.ability:id/tvToLogin')
[INFO 2019-09-23 15:28:13]点击元素：('id', 'com.mmm.ability:id/tvToLogin')
[INFO 2019-09-23 15:28:13]等待元素：('id', 'com.mmm.ability:id/ivSkip')
[INFO 2019-09-23 15:28:16]点击元素：('id', 'com.mmm.ability:id/ivSkip')
[INFO 2019-09-23 15:28:17]等待元素：('id', 'com.mmm.ability:id/ivTitle')
[INFO 2019-09-23 15:28:17]等待元素：('id', 'lavWantToQuestion')
[INFO 2019-09-23 15:28:18]点击元素：('id', 'lavWantToQuestion')
[INFO 2019-09-23 15:28:19]等待元素：('id', 'tvAddDept')
[INFO 2019-09-23 15:28:19]点击元素：('id', 'tvAddDept')
[INFO 2019-09-23 15:28:19]等待元素：('xpath', "//*[@text='研发部']")
[INFO 2019-09-23 15:28:20]点击元素：('xpath', "//*[@text='研发部']")
[INFO 2019-09-23 15:28:21]等待元素：('id', 'tvDeptName')
[INFO 2019-09-23 15:28:21]获取：('id', 'tvDeptName')元素文本：研发部
[INFO 2019-09-23 15:28:23]等待元素：('id', 'com.mmm.ability:id/ivTitle')
[INFO 2019-09-23 15:28:28]等待元素：('id', 'lavWantToQuestion')
[INFO 2019-09-23 15:28:28]点击元素：('id', 'lavWantToQuestion')
[INFO 2019-09-23 15:28:30]等待元素：('id', 'tvAddDept')
[INFO 2019-09-23 15:28:30]点击元素：('id', 'tvAddDept')
[INFO 2019-09-23 15:28:30]等待元素：('xpath', "//*[@text='研发部']")
[INFO 2019-09-23 15:28:31]点击元素：('xpath', "//*[@text='研发部']")
[INFO 2019-09-23 15:28:32]等待元素：('id', 'tvDeptName')
[INFO 2019-09-23 15:28:32]获取：('id', 'tvDeptName')元素文本：研发部
[INFO 2019-09-23 15:29:12]等待元素：('id', 'com.mmm.ability:id/tvTabPwd')
[INFO 2019-09-23 15:29:14]点击元素：('id', 'com.mmm.ability:id/tvTabPwd')
[INFO 2019-09-23 15:29:14]等待元素：('id', 'com.mmm.ability:id/etAccount')
[INFO 2019-09-23 15:29:15]点击：('id', 'com.mmm.ability:id/etAccount')，输入：13559112967
[INFO 2019-09-23 15:29:15]等待元素：('id', 'com.mmm.ability:id/etPwd')
[INFO 2019-09-23 15:29:16]点击：('id', 'com.mmm.ability:id/etPwd')，输入：123456
[INFO 2019-09-23 15:29:16]等待元素：('id', 'com.mmm.ability:id/tvToLogin')
[INFO 2019-09-23 15:29:16]点击元素：('id', 'com.mmm.ability:id/tvToLogin')
[INFO 2019-09-23 15:29:16]等待元素：('id', 'com.mmm.ability:id/ivSkip')
[INFO 2019-09-23 15:29:19]点击元素：('id', 'com.mmm.ability:id/ivSkip')
[INFO 2019-09-23 15:29:20]等待元素：('id', 'com.mmm.ability:id/ivTitle')
[INFO 2019-09-23 15:29:20]等待元素：('id', 'lavWantToQuestion')
[INFO 2019-09-23 15:29:21]点击元素：('id', 'lavWantToQuestion')
[INFO 2019-09-23 15:29:22]等待元素：('id', 'tvAddDept')
[INFO 2019-09-23 15:29:22]点击元素：('id', 'tvAddDept')
[INFO 2019-09-23 15:29:22]等待元素：('xpath', "//*[@text='研发部']")
[INFO 2019-09-23 15:29:23]点击元素：('xpath', "//*[@text='研发部']")
[INFO 2019-09-23 15:29:24]等待元素：('id', 'etQueTitle')
[INFO 2019-09-23 15:29:24]点击：('id', 'etQueTitle')，输入：自动化测试标题8126
[INFO 2019-09-23 15:29:25]等待元素：('id', 'etQueContent')
[INFO 2019-09-23 15:29:25]点击：('id', 'etQueContent')，输入：自动化测试内容1133
[INFO 2019-09-23 15:29:25]等待元素：('id', 'tvRelease')
[INFO 2019-09-23 15:29:26]点击元素：('id', 'tvRelease')
[INFO 2019-09-23 15:29:26]等待元素：('id', 'com.mmm.ability:id/ivMine')
[INFO 2019-09-23 15:29:29]点击元素：('id', 'com.mmm.ability:id/ivMine')
[INFO 2019-09-23 15:29:30]等待元素：('id', 'com.mmm.ability:id/tvNewModeratedNumber')
[INFO 2019-09-23 15:29:30]点击元素：('id', 'com.mmm.ability:id/tvNewModeratedNumber')
[INFO 2019-09-23 15:29:30]等待元素：('xpath', "(//*[@resource-id='com.mmm.ability:id/tvQueTitle'])[1]")
[INFO 2019-09-23 15:29:31]获取：('xpath', "(//*[@resource-id='com.mmm.ability:id/tvQueTitle'])[1]")元素文本：自动化测试标题8126
[INFO 2019-09-23 15:29:55]等待元素：('id', 'com.mmm.ability:id/ivTitle')
[ERROR 2019-09-23 15:29:55]等待元素：('id', 'com.mmm.ability:id/ivTitle')超时
[INFO 2019-09-23 15:30:22]等待元素：('id', 'com.mmm.ability:id/tvTabPwd')
[INFO 2019-09-23 15:30:24]点击元素：('id', 'com.mmm.ability:id/tvTabPwd')
[INFO 2019-09-23 15:30:24]等待元素：('id', 'com.mmm.ability:id/etAccount')
[INFO 2019-09-23 15:30:25]点击：('id', 'com.mmm.ability:id/etAccount')，输入：13559112967
[INFO 2019-09-23 15:30:25]等待元素：('id', 'com.mmm.ability:id/etPwd')
[INFO 2019-09-23 15:30:25]点击：('id', 'com.mmm.ability:id/etPwd')，输入：123456
[INFO 2019-09-23 15:30:26]等待元素：('id', 'com.mmm.ability:id/tvToLogin')
[INFO 2019-09-23 15:30:27]点击元素：('id', 'com.mmm.ability:id/tvToLogin')
[INFO 2019-09-23 15:30:27]等待元素：('id', 'com.mmm.ability:id/ivSkip')
[INFO 2019-09-23 15:30:30]点击元素：('id', 'com.mmm.ability:id/ivSkip')
[INFO 2019-09-23 15:30:30]等待元素：('id', 'com.mmm.ability:id/ivTitle')
[INFO 2019-09-23 15:30:31]等待元素：('id', 'lavWantToQuestion')
[INFO 2019-09-23 15:30:31]点击元素：('id', 'lavWantToQuestion')
[INFO 2019-09-23 15:30:32]等待元素：('id', 'tvAddDept')
[INFO 2019-09-23 15:30:32]点击元素：('id', 'tvAddDept')
[INFO 2019-09-23 15:30:32]等待元素：('xpath', "//*[@text='研发部']")
[INFO 2019-09-23 15:30:33]点击元素：('xpath', "//*[@text='研发部']")
[INFO 2019-09-23 15:30:35]等待元素：('id', 'etQueTitle')
[INFO 2019-09-23 15:30:35]点击：('id', 'etQueTitle')，输入：自动化测试标题3390
[INFO 2019-09-23 15:30:35]等待元素：('id', 'etQueContent')
[INFO 2019-09-23 15:30:36]点击：('id', 'etQueContent')，输入：自动化测试内容5129
[INFO 2019-09-23 15:30:36]等待元素：('id', 'tvRelease')
[INFO 2019-09-23 15:30:37]点击元素：('id', 'tvRelease')
[INFO 2019-09-23 15:30:37]等待元素：('id', 'com.mmm.ability:id/ivMine')
[INFO 2019-09-23 15:30:40]点击元素：('id', 'com.mmm.ability:id/ivMine')
[INFO 2019-09-23 15:30:40]等待元素：('id', 'com.mmm.ability:id/tvNewModeratedNumber')
[INFO 2019-09-23 15:30:41]点击元素：('id', 'com.mmm.ability:id/tvNewModeratedNumber')
[INFO 2019-09-23 15:30:42]等待元素：('xpath', "(//*[@resource-id='com.mmm.ability:id/tvQueTitle'])[1]")
[INFO 2019-09-23 15:30:43]获取：('xpath', "(//*[@resource-id='com.mmm.ability:id/tvQueTitle'])[1]")元素文本：自动化测试标题3390
[INFO 2019-09-23 15:30:45]等待元素：('id', 'com.mmm.ability:id/ivTitle')
[INFO 2019-09-23 15:30:47]等待元素：('id', 'lavWantToQuestion')
[INFO 2019-09-23 15:30:47]点击元素：('id', 'lavWantToQuestion')
[INFO 2019-09-23 15:30:48]等待元素：('id', 'com.mmm.ability:id/llSwitchVoice')
[INFO 2019-09-23 15:30:48]点击元素：('id', 'com.mmm.ability:id/llSwitchVoice')
[INFO 2019-09-23 15:30:49]等待元素：('xpath', "//*[@text='按住说话']")
[INFO 2019-09-23 15:30:50]长按：('xpath', "//*[@text='按住说话']")元素
[INFO 2019-09-23 15:31:04]等待元素：('id', 'com.mmm.ability:id/ivTitle')
[INFO 2019-09-23 15:31:07]等待元素：('id', 'lavWantToQuestion')
[INFO 2019-09-23 15:31:07]点击元素：('id', 'lavWantToQuestion')
[INFO 2019-09-23 15:31:07]等待元素：('id', 'com.mmm.ability:id/llSwitchVoice')
[INFO 2019-09-23 15:31:08]点击元素：('id', 'com.mmm.ability:id/llSwitchVoice')
[INFO 2019-09-23 15:31:09]等待元素：('xpath', "//*[@text='按住说话']")
[INFO 2019-09-23 15:31:09]长按：('xpath', "//*[@text='按住说话']")元素
[INFO 2019-09-23 15:32:36]等待元素：('id', 'com.mmm.ability:id/tvTabPwd')
[INFO 2019-09-23 15:32:37]点击元素：('id', 'com.mmm.ability:id/tvTabPwd')
[INFO 2019-09-23 15:32:37]等待元素：('id', 'com.mmm.ability:id/etAccount')
[INFO 2019-09-23 15:32:38]点击：('id', 'com.mmm.ability:id/etAccount')，输入：13559112966
[INFO 2019-09-23 15:32:38]等待元素：('id', 'com.mmm.ability:id/etPwd')
[INFO 2019-09-23 15:32:39]点击：('id', 'com.mmm.ability:id/etPwd')，输入：123456
[INFO 2019-09-23 15:32:39]等待元素：('id', 'com.mmm.ability:id/tvToLogin')
[INFO 2019-09-23 15:32:39]点击元素：('id', 'com.mmm.ability:id/tvToLogin')
[INFO 2019-09-23 15:32:39]等待元素：('id', 'com.mmm.ability:id/ivSkip')
[INFO 2019-09-23 15:32:42]点击元素：('id', 'com.mmm.ability:id/ivSkip')
[INFO 2019-09-23 15:32:42]等待元素：('id', 'com.mmm.ability:id/ivTitle')
[INFO 2019-09-23 15:32:43]等待元素：('id', 'com.mmm.ability:id/ivMine')
[INFO 2019-09-23 15:32:43]点击元素：('id', 'com.mmm.ability:id/ivMine')
[INFO 2019-09-23 15:32:45]等待元素：('id', 'com.mmm.ability:id/clMyToCheck')
[INFO 2019-09-23 15:32:45]点击元素：('id', 'com.mmm.ability:id/clMyToCheck')
[INFO 2019-09-23 15:32:45]等待元素：('xpath', "(//*[@resource-id='com.mmm.ability:id/recyclerView']/[@class='android.widget.LinearLayout'])[1]")
[ERROR 2019-09-23 15:33:05]等待元素：('xpath', "(//*[@resource-id='com.mmm.ability:id/recyclerView']/[@class='android.widget.LinearLayout'])[1]")超时
[INFO 2019-09-23 15:33:06]保存截图至:image
[INFO 2019-09-23 15:37:34]等待元素：('id', 'com.mmm.ability:id/tvTabPwd')
[INFO 2019-09-23 15:37:35]点击元素：('id', 'com.mmm.ability:id/tvTabPwd')
[INFO 2019-09-23 15:37:35]等待元素：('id', 'com.mmm.ability:id/etAccount')
[INFO 2019-09-23 15:37:36]点击：('id', 'com.mmm.ability:id/etAccount')，输入：13559112966
[INFO 2019-09-23 15:37:37]等待元素：('id', 'com.mmm.ability:id/etPwd')
[INFO 2019-09-23 15:37:37]点击：('id', 'com.mmm.ability:id/etPwd')，输入：123456
[INFO 2019-09-23 15:37:38]等待元素：('id', 'com.mmm.ability:id/tvToLogin')
[INFO 2019-09-23 15:37:38]点击元素：('id', 'com.mmm.ability:id/tvToLogin')
[INFO 2019-09-23 15:37:39]等待元素：('id', 'com.mmm.ability:id/ivSkip')
[INFO 2019-09-23 15:37:41]点击元素：('id', 'com.mmm.ability:id/ivSkip')
[INFO 2019-09-23 15:37:42]等待元素：('id', 'com.mmm.ability:id/ivTitle')
[INFO 2019-09-23 15:37:42]等待元素：('id', 'com.mmm.ability:id/ivMine')
[INFO 2019-09-23 15:37:42]点击元素：('id', 'com.mmm.ability:id/ivMine')
[INFO 2019-09-23 15:37:43]等待元素：('id', 'com.mmm.ability:id/clMyToCheck')
[INFO 2019-09-23 15:37:44]点击元素：('id', 'com.mmm.ability:id/clMyToCheck')
[INFO 2019-09-23 15:37:45]等待元素：('xpath', "(//*[@resource-id='com.mmm.ability:id/recyclerView']//[@class='android.widget.LinearLayout'])[1]")
[ERROR 2019-09-23 15:38:05]等待元素：('xpath', "(//*[@resource-id='com.mmm.ability:id/recyclerView']//[@class='android.widget.LinearLayout'])[1]")超时
[INFO 2019-09-23 15:38:06]保存截图至:image
[INFO 2019-09-23 15:41:01]等待元素：('id', 'com.mmm.ability:id/tvTabPwd')
[INFO 2019-09-23 15:41:03]点击元素：('id', 'com.mmm.ability:id/tvTabPwd')
[INFO 2019-09-23 15:41:03]等待元素：('id', 'com.mmm.ability:id/etAccount')
[INFO 2019-09-23 15:41:03]点击：('id', 'com.mmm.ability:id/etAccount')，输入：13559112966
[INFO 2019-09-23 15:41:03]等待元素：('id', 'com.mmm.ability:id/etPwd')
[INFO 2019-09-23 15:41:04]点击：('id', 'com.mmm.ability:id/etPwd')，输入：123456
[INFO 2019-09-23 15:41:05]等待元素：('id', 'com.mmm.ability:id/tvToLogin')
[INFO 2019-09-23 15:41:05]点击元素：('id', 'com.mmm.ability:id/tvToLogin')
[INFO 2019-09-23 15:41:05]等待元素：('id', 'com.mmm.ability:id/ivSkip')
[INFO 2019-09-23 15:41:08]点击元素：('id', 'com.mmm.ability:id/ivSkip')
[INFO 2019-09-23 15:41:09]等待元素：('id', 'com.mmm.ability:id/ivTitle')
[INFO 2019-09-23 15:41:10]等待元素：('id', 'com.mmm.ability:id/ivMine')
[INFO 2019-09-23 15:41:10]点击元素：('id', 'com.mmm.ability:id/ivMine')
[INFO 2019-09-23 15:41:11]等待元素：('id', 'com.mmm.ability:id/clMyToCheck')
[INFO 2019-09-23 15:41:11]点击元素：('id', 'com.mmm.ability:id/clMyToCheck')
[INFO 2019-09-23 15:41:11]等待元素：('xpath', "(//*[@resource-id='com.mmm.ability:id/tvQueTitle'])[1]")
[INFO 2019-09-23 15:41:12]点击元素：('xpath', "(//*[@resource-id='com.mmm.ability:id/tvQueTitle'])[1]")
[INFO 2019-09-23 15:41:14]等待元素：('id', 'com.mmm.ability:id/tvYes')
[INFO 2019-09-23 15:41:14]点击元素：('id', 'com.mmm.ability:id/tvYes')
[INFO 2019-09-23 15:41:14]等待元素：('id', 'com.mmm.ability:id/ivMine')
[ERROR 2019-09-23 15:41:36]等待元素：('id', 'com.mmm.ability:id/ivMine')超时
[INFO 2019-09-23 15:41:36]保存截图至:image
[INFO 2019-09-23 15:43:09]等待元素：('id', 'com.mmm.ability:id/tvTabPwd')
[INFO 2019-09-23 15:43:15]点击元素：('id', 'com.mmm.ability:id/tvTabPwd')
[INFO 2019-09-23 15:43:15]等待元素：('id', 'com.mmm.ability:id/etAccount')
[INFO 2019-09-23 15:43:16]点击：('id', 'com.mmm.ability:id/etAccount')，输入：13559112966
[INFO 2019-09-23 15:43:16]等待元素：('id', 'com.mmm.ability:id/etPwd')
[INFO 2019-09-23 15:43:16]点击：('id', 'com.mmm.ability:id/etPwd')，输入：123456
[INFO 2019-09-23 15:43:16]等待元素：('id', 'com.mmm.ability:id/tvToLogin')
[INFO 2019-09-23 15:43:17]点击元素：('id', 'com.mmm.ability:id/tvToLogin')
[INFO 2019-09-23 15:43:17]等待元素：('id', 'com.mmm.ability:id/ivSkip')
[INFO 2019-09-23 15:43:20]点击元素：('id', 'com.mmm.ability:id/ivSkip')
[INFO 2019-09-23 15:43:20]等待元素：('id', 'com.mmm.ability:id/ivTitle')
[INFO 2019-09-23 15:43:21]等待元素：('id', 'com.mmm.ability:id/ivMine')
[INFO 2019-09-23 15:43:21]点击元素：('id', 'com.mmm.ability:id/ivMine')
[INFO 2019-09-23 15:43:22]等待元素：('id', 'com.mmm.ability:id/clMyToCheck')
[INFO 2019-09-23 15:43:22]点击元素：('id', 'com.mmm.ability:id/clMyToCheck')
[INFO 2019-09-23 15:43:23]等待元素：('xpath', "(//*[@resource-id='com.mmm.ability:id/tvQueTitle'])[1]")
[INFO 2019-09-23 15:43:27]点击元素：('xpath', "(//*[@resource-id='com.mmm.ability:id/tvQueTitle'])[1]")
[INFO 2019-09-23 15:43:28]等待元素：('id', 'com.mmm.ability:id/tvYes')
[INFO 2019-09-23 15:43:28]点击元素：('id', 'com.mmm.ability:id/tvYes')
[INFO 2019-09-23 15:43:28]等待元素：('xpath', "(//*[@resource-id='com.mmm.ability:id/tvQueTitle'])[1]")
[INFO 2019-09-23 15:43:29]点击元素：('xpath', "(//*[@resource-id='com.mmm.ability:id/tvQueTitle'])[1]")
[INFO 2019-09-23 15:43:30]等待元素：('id', 'com.mmm.ability:id/ivScoreIncrease')
[ERROR 2019-09-23 15:43:51]等待元素：('id', 'com.mmm.ability:id/ivScoreIncrease')超时
[INFO 2019-09-23 15:43:51]保存截图至:image
[INFO 2019-09-23 15:45:51]等待元素：('id', 'com.mmm.ability:id/tvTabPwd')
[INFO 2019-09-23 15:45:56]点击元素：('id', 'com.mmm.ability:id/tvTabPwd')
[INFO 2019-09-23 15:45:56]等待元素：('id', 'com.mmm.ability:id/etAccount')
[INFO 2019-09-23 15:45:56]点击：('id', 'com.mmm.ability:id/etAccount')，输入：13559112966
[INFO 2019-09-23 15:45:56]等待元素：('id', 'com.mmm.ability:id/etPwd')
[INFO 2019-09-23 15:45:57]点击：('id', 'com.mmm.ability:id/etPwd')，输入：123456
[INFO 2019-09-23 15:45:58]等待元素：('id', 'com.mmm.ability:id/tvToLogin')
[INFO 2019-09-23 15:45:58]点击元素：('id', 'com.mmm.ability:id/tvToLogin')
[INFO 2019-09-23 15:45:58]等待元素：('id', 'com.mmm.ability:id/ivSkip')
[INFO 2019-09-23 15:46:02]点击元素：('id', 'com.mmm.ability:id/ivSkip')
[INFO 2019-09-23 15:46:02]等待元素：('id', 'com.mmm.ability:id/ivTitle')
[INFO 2019-09-23 15:46:02]等待元素：('id', 'com.mmm.ability:id/ivMine')
[INFO 2019-09-23 15:46:03]点击元素：('id', 'com.mmm.ability:id/ivMine')
[INFO 2019-09-23 15:46:04]等待元素：('id', 'com.mmm.ability:id/clMyToCheck')
[INFO 2019-09-23 15:46:04]点击元素：('id', 'com.mmm.ability:id/clMyToCheck')
[INFO 2019-09-23 15:46:04]等待元素：('id', 'com.mmm.ability:id/tvMyToCheckNumber')
[ERROR 2019-09-23 15:46:26]等待元素：('id', 'com.mmm.ability:id/tvMyToCheckNumber')超时
[INFO 2019-09-23 15:46:26]保存截图至:image
[INFO 2019-09-23 15:47:03]等待元素：('id', 'com.mmm.ability:id/tvTabPwd')
[INFO 2019-09-23 15:47:05]点击元素：('id', 'com.mmm.ability:id/tvTabPwd')
[INFO 2019-09-23 15:47:05]等待元素：('id', 'com.mmm.ability:id/etAccount')
[INFO 2019-09-23 15:47:06]点击：('id', 'com.mmm.ability:id/etAccount')，输入：13559112966
[INFO 2019-09-23 15:47:06]等待元素：('id', 'com.mmm.ability:id/etPwd')
[INFO 2019-09-23 15:47:06]点击：('id', 'com.mmm.ability:id/etPwd')，输入：123456
[INFO 2019-09-23 15:47:07]等待元素：('id', 'com.mmm.ability:id/tvToLogin')
[INFO 2019-09-23 15:47:08]点击元素：('id', 'com.mmm.ability:id/tvToLogin')
[INFO 2019-09-23 15:47:08]等待元素：('id', 'com.mmm.ability:id/ivSkip')
[INFO 2019-09-23 15:47:17]点击元素：('id', 'com.mmm.ability:id/ivSkip')
[INFO 2019-09-23 15:47:17]等待元素：('id', 'com.mmm.ability:id/ivTitle')
[INFO 2019-09-23 15:47:18]等待元素：('id', 'com.mmm.ability:id/ivMine')
[INFO 2019-09-23 15:47:18]点击元素：('id', 'com.mmm.ability:id/ivMine')
[INFO 2019-09-23 15:47:19]等待元素：('id', 'com.mmm.ability:id/clMyToCheck')
[INFO 2019-09-23 15:47:19]点击元素：('id', 'com.mmm.ability:id/clMyToCheck')
[INFO 2019-09-23 15:47:19]等待元素：('id', 'com.mmm.ability:id/tvMyToCheckNumber')
[ERROR 2019-09-23 15:47:27]等待元素：('id', 'com.mmm.ability:id/tvMyToCheckNumber')超时
[INFO 2019-09-23 15:48:03]等待元素：('id', 'com.mmm.ability:id/tvTabPwd')
[INFO 2019-09-23 15:48:04]点击元素：('id', 'com.mmm.ability:id/tvTabPwd')
[INFO 2019-09-23 15:48:05]等待元素：('id', 'com.mmm.ability:id/etAccount')
[INFO 2019-09-23 15:48:05]点击：('id', 'com.mmm.ability:id/etAccount')，输入：13559112966
[INFO 2019-09-23 15:48:05]等待元素：('id', 'com.mmm.ability:id/etPwd')
[INFO 2019-09-23 15:48:06]点击：('id', 'com.mmm.ability:id/etPwd')，输入：123456
[INFO 2019-09-23 15:48:06]等待元素：('id', 'com.mmm.ability:id/tvToLogin')
[INFO 2019-09-23 15:48:07]点击元素：('id', 'com.mmm.ability:id/tvToLogin')
[INFO 2019-09-23 15:48:07]等待元素：('id', 'com.mmm.ability:id/ivSkip')
[INFO 2019-09-23 15:48:11]点击元素：('id', 'com.mmm.ability:id/ivSkip')
[INFO 2019-09-23 15:48:11]等待元素：('id', 'com.mmm.ability:id/ivTitle')
[INFO 2019-09-23 15:48:12]等待元素：('id', 'com.mmm.ability:id/ivMine')
[INFO 2019-09-23 15:48:12]点击元素：('id', 'com.mmm.ability:id/ivMine')
[INFO 2019-09-23 15:48:13]等待元素：('id', 'com.mmm.ability:id/clMyToCheck')
[INFO 2019-09-23 15:48:13]点击元素：('id', 'com.mmm.ability:id/clMyToCheck')
[INFO 2019-09-23 15:48:13]等待元素：('xpath', "(//*[@resource-id='com.mmm.ability:id/tvQueTitle'])[1]")
[INFO 2019-09-23 15:48:15]点击元素：('xpath', "(//*[@resource-id='com.mmm.ability:id/tvQueTitle'])[1]")
[INFO 2019-09-23 15:48:16]等待元素：('id', 'com.mmm.ability:id/tvYes')
[INFO 2019-09-23 15:48:16]点击元素：('id', 'com.mmm.ability:id/tvYes')
[INFO 2019-09-23 15:48:16]等待元素：('xpath', "(//*[@resource-id='com.mmm.ability:id/tvQueTitle'])[1]")
[INFO 2019-09-23 15:48:17]点击元素：('xpath', "(//*[@resource-id='com.mmm.ability:id/tvQueTitle'])[1]")
[INFO 2019-09-23 15:48:17]等待元素：('id', 'com.mmm.ability:id/ivScoreIncrease')
[INFO 2019-09-23 15:48:24]点击元素：('id', 'com.mmm.ability:id/ivScoreIncrease')
[INFO 2019-09-23 15:48:25]等待元素：('xpath', "(//*[@resource-id='com.mmm.ability:id/tvQueTitle'])[1]")
[ERROR 2019-09-23 15:48:47]等待元素：('xpath', "(//*[@resource-id='com.mmm.ability:id/tvQueTitle'])[1]")超时
[INFO 2019-09-23 15:48:48]保存截图至:image
[INFO 2019-09-23 16:35:55]等待元素：('id', 'com.mmm.ability:id/tvTabPwd')
[INFO 2019-09-23 16:35:56]点击元素：('id', 'com.mmm.ability:id/tvTabPwd')
[INFO 2019-09-23 16:35:56]等待元素：('id', 'com.mmm.ability:id/etAccount')
[INFO 2019-09-23 16:35:57]点击：('id', 'com.mmm.ability:id/etAccount')，输入：13559112967
[INFO 2019-09-23 16:35:58]等待元素：('id', 'com.mmm.ability:id/etPwd')
[INFO 2019-09-23 16:35:58]点击：('id', 'com.mmm.ability:id/etPwd')，输入：123456
[INFO 2019-09-23 16:35:58]等待元素：('id', 'com.mmm.ability:id/tvToLogin')
[INFO 2019-09-23 16:35:59]点击元素：('id', 'com.mmm.ability:id/tvToLogin')
[INFO 2019-09-23 16:35:59]等待元素：('id', 'com.mmm.ability:id/ivSkip')
[INFO 2019-09-23 16:36:02]点击元素：('id', 'com.mmm.ability:id/ivSkip')
[INFO 2019-09-23 16:36:03]等待元素：('id', 'com.mmm.ability:id/ivTitle')
[INFO 2019-09-23 16:36:03]等待元素：('id', 'lavWantToQuestion')
[INFO 2019-09-23 16:36:03]点击元素：('id', 'lavWantToQuestion')
[INFO 2019-09-23 16:36:04]等待元素：('id', 'tvAddDept')
[INFO 2019-09-23 16:36:04]点击元素：('id', 'tvAddDept')
[INFO 2019-09-23 16:36:04]等待元素：('xpath', "//*[@text='研发部']")
[INFO 2019-09-23 16:36:05]点击元素：('xpath', "//*[@text='研发部']")
[INFO 2019-09-23 16:36:07]等待元素：('id', 'tvDeptName')
[INFO 2019-09-23 16:36:07]获取：('id', 'tvDeptName')元素文本：研发部
[INFO 2019-09-23 16:36:08]等待元素：('id', 'com.mmm.ability:id/ivTitle')
[INFO 2019-09-23 16:36:14]等待元素：('id', 'lavWantToQuestion')
[INFO 2019-09-23 16:36:14]点击元素：('id', 'lavWantToQuestion')
[INFO 2019-09-23 16:36:16]等待元素：('id', 'tvAddDept')
[INFO 2019-09-23 16:36:16]点击元素：('id', 'tvAddDept')
[INFO 2019-09-23 16:36:16]等待元素：('xpath', "//*[@text='研发部']")
[INFO 2019-09-23 16:36:17]点击元素：('xpath', "//*[@text='研发部']")
[INFO 2019-09-23 16:36:18]等待元素：('id', 'tvDeptName')
[INFO 2019-09-23 16:36:18]获取：('id', 'tvDeptName')元素文本：研发部
[INFO 2019-09-23 16:36:45]等待元素：('id', 'com.mmm.ability:id/tvTabPwd')
[INFO 2019-09-23 16:36:46]点击元素：('id', 'com.mmm.ability:id/tvTabPwd')
[INFO 2019-09-23 16:36:46]等待元素：('id', 'com.mmm.ability:id/etAccount')
[INFO 2019-09-23 16:36:47]点击：('id', 'com.mmm.ability:id/etAccount')，输入：13559112967
[INFO 2019-09-23 16:36:47]等待元素：('id', 'com.mmm.ability:id/etPwd')
[INFO 2019-09-23 16:36:48]点击：('id', 'com.mmm.ability:id/etPwd')，输入：123456
[INFO 2019-09-23 16:36:48]等待元素：('id', 'com.mmm.ability:id/tvToLogin')
[INFO 2019-09-23 16:36:49]点击元素：('id', 'com.mmm.ability:id/tvToLogin')
[INFO 2019-09-23 16:36:49]等待元素：('id', 'com.mmm.ability:id/ivSkip')
[INFO 2019-09-23 16:36:51]点击元素：('id', 'com.mmm.ability:id/ivSkip')
[INFO 2019-09-23 16:36:52]等待元素：('id', 'com.mmm.ability:id/ivTitle')
[INFO 2019-09-23 16:36:53]等待元素：('id', 'lavWantToQuestion')
[INFO 2019-09-23 16:36:53]点击元素：('id', 'lavWantToQuestion')
[INFO 2019-09-23 16:36:54]等待元素：('id', 'tvAddDept')
[INFO 2019-09-23 16:36:54]点击元素：('id', 'tvAddDept')
[INFO 2019-09-23 16:36:54]等待元素：('xpath', "//*[@text='研发部']")
[INFO 2019-09-23 16:36:55]点击元素：('xpath', "//*[@text='研发部']")
[INFO 2019-09-23 16:36:56]等待元素：('id', 'tvDeptName')
[INFO 2019-09-23 16:36:56]获取：('id', 'tvDeptName')元素文本：研发部
[INFO 2019-09-23 16:36:58]等待元素：('id', 'com.mmm.ability:id/ivTitle')
[INFO 2019-09-23 16:37:00]等待元素：('id', 'lavWantToQuestion')
[INFO 2019-09-23 16:37:00]点击元素：('id', 'lavWantToQuestion')
[INFO 2019-09-23 16:37:02]等待元素：('id', 'tvAddDept')
[INFO 2019-09-23 16:37:02]点击元素：('id', 'tvAddDept')
[INFO 2019-09-23 16:37:02]等待元素：('xpath', "//*[@text='研发部']")
[INFO 2019-09-23 16:37:03]点击元素：('xpath', "//*[@text='研发部']")
[INFO 2019-09-23 16:37:04]等待元素：('id', 'tvDeptName')
[INFO 2019-09-23 16:37:04]获取：('id', 'tvDeptName')元素文本：研发部
[INFO 2019-09-23 16:37:06]等待元素：('id', 'com.mmm.ability:id/ivTitle')
[INFO 2019-09-23 16:37:09]等待元素：('id', 'lavWantToQuestion')
[INFO 2019-09-23 16:37:09]点击元素：('id', 'lavWantToQuestion')
[INFO 2019-09-23 16:37:10]等待元素：('id', 'tvAddDept')
[INFO 2019-09-23 16:37:10]点击元素：('id', 'tvAddDept')
[INFO 2019-09-23 16:37:10]等待元素：('xpath', "//*[@text='研发部']")
[INFO 2019-09-23 16:37:11]点击元素：('xpath', "//*[@text='研发部']")
[INFO 2019-09-23 16:37:12]等待元素：('id', 'etQueTitle')
[INFO 2019-09-23 16:37:13]点击：('id', 'etQueTitle')，输入：自动化测试标题879
[INFO 2019-09-23 16:37:13]等待元素：('id', 'etQueContent')
[INFO 2019-09-23 16:37:13]点击：('id', 'etQueContent')，输入：自动化测试内容9241
[INFO 2019-09-23 16:37:13]等待元素：('id', 'tvRelease')
[INFO 2019-09-23 16:37:14]点击元素：('id', 'tvRelease')
[INFO 2019-09-23 16:37:14]等待元素：('id', 'com.mmm.ability:id/ivMine')
[INFO 2019-09-23 16:37:17]点击元素：('id', 'com.mmm.ability:id/ivMine')
[INFO 2019-09-23 16:37:18]等待元素：('id', 'com.mmm.ability:id/tvNewModeratedNumber')
[ERROR 2019-09-23 16:37:18]等待元素：('id', 'com.mmm.ability:id/tvNewModeratedNumber')超时
[INFO 2019-09-23 16:37:20]等待元素：('id', 'com.mmm.ability:id/ivTitle')
[ERROR 2019-09-23 16:37:21]等待元素：('id', 'com.mmm.ability:id/ivTitle')超时
[INFO 2019-09-23 16:37:22]等待元素：('id', 'com.mmm.ability:id/ivTitle')
[ERROR 2019-09-23 16:37:22]等待元素：('id', 'com.mmm.ability:id/ivTitle')超时
